{
  "stats": {
    "suites": 5,
    "tests": 14,
    "passes": 14,
    "pending": 0,
    "failures": 0,
    "start": "2026-03-09T12:52:22.431Z",
    "end": "2026-03-09T12:53:07.327Z",
    "duration": 44896,
    "testsRegistered": 14,
    "passPercent": 100,
    "pendingPercent": 0,
    "other": 0,
    "hasOther": false,
    "skipped": 0,
    "hasSkipped": false
  },
  "results": [
    {
      "uuid": "5a4975cb-3587-4f70-8c92-2567e0f8eb8c",
      "title": "",
      "fullFile": "cypress\\e2e\\cadastro-curso.cy.js",
      "file": "cypress\\e2e\\cadastro-curso.cy.js",
      "beforeHooks": [],
      "afterHooks": [],
      "tests": [],
      "suites": [
        {
          "uuid": "93e840fd-1a7b-4b08-9226-5391b3d2de5d",
          "title": "Testes de Cadastro de Cursos",
          "fullFile": "",
          "file": "",
          "beforeHooks": [],
          "afterHooks": [],
          "tests": [],
          "suites": [
            {
              "uuid": "9c7b67e0-95b3-4537-bd96-6b884f93bdcc",
              "title": "✅ CTs POSITIVOS",
              "fullFile": "",
              "file": "",
              "beforeHooks": [],
              "afterHooks": [],
              "tests": [
                {
                  "title": "CT001 - Cadastro com todos os campos preenchidos",
                  "fullTitle": "Testes de Cadastro de Cursos ✅ CTs POSITIVOS CT001 - Cadastro com todos os campos preenchidos",
                  "timedOut": null,
                  "duration": 6127,
                  "state": "passed",
                  "speed": "medium",
                  "pass": true,
                  "fail": false,
                  "pending": false,
                  "context": null,
                  "code": "_cadastroPage.default.getCampoNome().type('Cypress Básico');\n_cadastroPage.default.getCampoDescricao().type('Curso introdutório de Cypress');\n_cadastroPage.default.getCampoInstrutor().type('João Silva');\n_cadastroPage.default.getCampoUrlImagem().type('https://exemplo.com/img.jpg');\n_cadastroPage.default.getCampoDataInicio().type('2026-03-01');\n_cadastroPage.default.getCampoDataFim().type('2026-03-30');\n_cadastroPage.default.getCampoNumeroVagas().type('20');\n_cadastroPage.default.selecionarTipoCurso('Online');\n_cadastroPage.default.clicarCadastrar();\n// ✅ VERIFICAÇÕES PARA TESTES POSITIVOS\ncy.url().should('include', '/'); // Verifica redirecionamento\ncy.contains('h4', 'Lista de cursos', {\n  timeout: 10000\n}).should('be.visible'); // Verifica listagem\ncy.contains('Cypress Básico', {\n  timeout: 10000\n}).should('be.visible'); // Verifica se o curso apareceu\ncy.log('✅ CT001 executado com sucesso');",
                  "err": {},
                  "uuid": "d4067b7e-d609-4021-b9c6-868d2f572802",
                  "parentUUID": "9c7b67e0-95b3-4537-bd96-6b884f93bdcc",
                  "isHook": false,
                  "skipped": false
                },
                {
                  "title": "CT002 - Cadastro com datas iguais",
                  "fullTitle": "Testes de Cadastro de Cursos ✅ CTs POSITIVOS CT002 - Cadastro com datas iguais",
                  "timedOut": null,
                  "duration": 3531,
                  "state": "passed",
                  "speed": "fast",
                  "pass": true,
                  "fail": false,
                  "pending": false,
                  "context": null,
                  "code": "_cadastroPage.default.getCampoNome().type('Workshop 1 dia');\n_cadastroPage.default.getCampoDescricao().type('Curso rápido');\n_cadastroPage.default.getCampoInstrutor().type('Maria Santos');\n_cadastroPage.default.getCampoUrlImagem().type('https://exemplo.com/img.jpg');\n_cadastroPage.default.getCampoDataInicio().type('2026-03-15');\n_cadastroPage.default.getCampoDataFim().type('2026-03-15');\n_cadastroPage.default.getCampoNumeroVagas().type('10');\n_cadastroPage.default.selecionarTipoCurso('Online');\n_cadastroPage.default.clicarCadastrar();\ncy.url().should('include', '/');\ncy.contains('h4', 'Lista de cursos').should('be.visible');\ncy.contains('Workshop 1 dia', {\n  timeout: 10000\n}).should('be.visible');\ncy.log('✅ CT002 executado com sucesso');",
                  "err": {},
                  "uuid": "9c02282e-849c-4841-821b-b6b7c662517f",
                  "parentUUID": "9c7b67e0-95b3-4537-bd96-6b884f93bdcc",
                  "isHook": false,
                  "skipped": false
                },
                {
                  "title": "CT003 - Cadastro sem URL da imagem",
                  "fullTitle": "Testes de Cadastro de Cursos ✅ CTs POSITIVOS CT003 - Cadastro sem URL da imagem",
                  "timedOut": null,
                  "duration": 2974,
                  "state": "passed",
                  "speed": "fast",
                  "pass": true,
                  "fail": false,
                  "pending": false,
                  "context": null,
                  "code": "_cadastroPage.default.getCampoNome().type('Curso sem imagem');\n_cadastroPage.default.getCampoDescricao().type('Descrição');\n_cadastroPage.default.getCampoInstrutor().type('Pedro');\n_cadastroPage.default.getCampoDataInicio().type('2026-04-01');\n_cadastroPage.default.getCampoDataFim().type('2026-04-10');\n_cadastroPage.default.getCampoNumeroVagas().type('15');\n_cadastroPage.default.selecionarTipoCurso('Presencial');\n_cadastroPage.default.clicarCadastrar();\ncy.url().should('include', '/');\ncy.contains('h4', 'Lista de cursos').should('be.visible');\ncy.contains('Curso sem imagem', {\n  timeout: 10000\n}).should('be.visible');\ncy.log('✅ CT003 executado com sucesso');",
                  "err": {},
                  "uuid": "0a71ee5f-1174-4c3b-b5cc-eb3914df5a7f",
                  "parentUUID": "9c7b67e0-95b3-4537-bd96-6b884f93bdcc",
                  "isHook": false,
                  "skipped": false
                }
              ],
              "suites": [],
              "passes": [
                "d4067b7e-d609-4021-b9c6-868d2f572802",
                "9c02282e-849c-4841-821b-b6b7c662517f",
                "0a71ee5f-1174-4c3b-b5cc-eb3914df5a7f"
              ],
              "failures": [],
              "pending": [],
              "skipped": [],
              "duration": 12632,
              "root": false,
              "rootEmpty": false,
              "_timeout": 2000
            },
            {
              "uuid": "11e25506-11e1-431e-8daf-2d82a46b7f59",
              "title": "❌ CTs NEGATIVOS - Campos obrigatórios",
              "fullFile": "",
              "file": "",
              "beforeHooks": [],
              "afterHooks": [],
              "tests": [
                {
                  "title": "CT004 - Tentar cadastrar sem nome",
                  "fullTitle": "Testes de Cadastro de Cursos ❌ CTs NEGATIVOS - Campos obrigatórios CT004 - Tentar cadastrar sem nome",
                  "timedOut": null,
                  "duration": 3208,
                  "state": "passed",
                  "speed": "fast",
                  "pass": true,
                  "fail": false,
                  "pending": false,
                  "context": null,
                  "code": "_cadastroPage.default.getCampoDescricao().type('Descrição');\n_cadastroPage.default.getCampoInstrutor().type('Instrutor');\n_cadastroPage.default.getCampoUrlImagem().type('https://exemplo.com/img.jpg');\n_cadastroPage.default.getCampoDataInicio().type('2026-03-01');\n_cadastroPage.default.getCampoDataFim().type('2026-03-30');\n_cadastroPage.default.getCampoNumeroVagas().type('10');\n_cadastroPage.default.selecionarTipoCurso('Presencial');\n_cadastroPage.default.clicarCadastrar();\ncy.log('✅ CT004 executado com sucesso');",
                  "err": {},
                  "uuid": "7adc610c-29cb-4386-8147-bf44ea8a7459",
                  "parentUUID": "11e25506-11e1-431e-8daf-2d82a46b7f59",
                  "isHook": false,
                  "skipped": false
                },
                {
                  "title": "CT005 - Tentar cadastrar sem descrição",
                  "fullTitle": "Testes de Cadastro de Cursos ❌ CTs NEGATIVOS - Campos obrigatórios CT005 - Tentar cadastrar sem descrição",
                  "timedOut": null,
                  "duration": 3185,
                  "state": "passed",
                  "speed": "fast",
                  "pass": true,
                  "fail": false,
                  "pending": false,
                  "context": null,
                  "code": "_cadastroPage.default.getCampoNome().type('Curso teste');\n_cadastroPage.default.getCampoInstrutor().type('Instrutor');\n_cadastroPage.default.getCampoUrlImagem().type('https://exemplo.com/img.jpg');\n_cadastroPage.default.getCampoDataInicio().type('2026-03-01');\n_cadastroPage.default.getCampoDataFim().type('2026-03-30');\n_cadastroPage.default.getCampoNumeroVagas().type('10');\n_cadastroPage.default.selecionarTipoCurso('Presencial');\n_cadastroPage.default.clicarCadastrar();\ncy.log('✅ CT005 executado com sucesso');",
                  "err": {},
                  "uuid": "a868001e-824b-4181-812a-759bb7ea15e5",
                  "parentUUID": "11e25506-11e1-431e-8daf-2d82a46b7f59",
                  "isHook": false,
                  "skipped": false
                },
                {
                  "title": "CT006 - Tentar cadastrar sem instrutor",
                  "fullTitle": "Testes de Cadastro de Cursos ❌ CTs NEGATIVOS - Campos obrigatórios CT006 - Tentar cadastrar sem instrutor",
                  "timedOut": null,
                  "duration": 3194,
                  "state": "passed",
                  "speed": "fast",
                  "pass": true,
                  "fail": false,
                  "pending": false,
                  "context": null,
                  "code": "_cadastroPage.default.getCampoNome().type('Curso teste');\n_cadastroPage.default.getCampoDescricao().type('Descrição');\n_cadastroPage.default.getCampoUrlImagem().type('https://exemplo.com/img.jpg');\n_cadastroPage.default.getCampoDataInicio().type('2026-03-01');\n_cadastroPage.default.getCampoDataFim().type('2026-03-30');\n_cadastroPage.default.getCampoNumeroVagas().type('10');\n_cadastroPage.default.selecionarTipoCurso('Presencial');\n_cadastroPage.default.clicarCadastrar();\ncy.log('✅ CT006 executado com sucesso');",
                  "err": {},
                  "uuid": "63b005e4-f2b2-4dbd-9769-2b836cb7329b",
                  "parentUUID": "11e25506-11e1-431e-8daf-2d82a46b7f59",
                  "isHook": false,
                  "skipped": false
                },
                {
                  "title": "CT007 - Tentar cadastrar sem data início",
                  "fullTitle": "Testes de Cadastro de Cursos ❌ CTs NEGATIVOS - Campos obrigatórios CT007 - Tentar cadastrar sem data início",
                  "timedOut": null,
                  "duration": 3225,
                  "state": "passed",
                  "speed": "fast",
                  "pass": true,
                  "fail": false,
                  "pending": false,
                  "context": null,
                  "code": "_cadastroPage.default.getCampoNome().type('Curso teste');\n_cadastroPage.default.getCampoDescricao().type('Descrição');\n_cadastroPage.default.getCampoInstrutor().type('Instrutor');\n_cadastroPage.default.getCampoUrlImagem().type('https://exemplo.com/img.jpg');\n_cadastroPage.default.getCampoDataFim().type('2026-03-30');\n_cadastroPage.default.getCampoNumeroVagas().type('10');\n_cadastroPage.default.selecionarTipoCurso('Presencial');\n_cadastroPage.default.clicarCadastrar();\ncy.log('✅ CT007 executado com sucesso');",
                  "err": {},
                  "uuid": "940f1fda-d1ae-44bc-b786-5116c057584d",
                  "parentUUID": "11e25506-11e1-431e-8daf-2d82a46b7f59",
                  "isHook": false,
                  "skipped": false
                },
                {
                  "title": "CT008 - Tentar cadastrar sem data fim",
                  "fullTitle": "Testes de Cadastro de Cursos ❌ CTs NEGATIVOS - Campos obrigatórios CT008 - Tentar cadastrar sem data fim",
                  "timedOut": null,
                  "duration": 3165,
                  "state": "passed",
                  "speed": "fast",
                  "pass": true,
                  "fail": false,
                  "pending": false,
                  "context": null,
                  "code": "_cadastroPage.default.getCampoNome().type('Curso teste');\n_cadastroPage.default.getCampoDescricao().type('Descrição');\n_cadastroPage.default.getCampoInstrutor().type('Instrutor');\n_cadastroPage.default.getCampoUrlImagem().type('https://exemplo.com/img.jpg');\n_cadastroPage.default.getCampoDataInicio().type('2026-03-01');\n_cadastroPage.default.getCampoNumeroVagas().type('10');\n_cadastroPage.default.selecionarTipoCurso('Presencial');\n_cadastroPage.default.clicarCadastrar();\ncy.log('✅ CT008 executado com sucesso');",
                  "err": {},
                  "uuid": "0e83c90f-63e9-4959-8e17-adb726d15aa1",
                  "parentUUID": "11e25506-11e1-431e-8daf-2d82a46b7f59",
                  "isHook": false,
                  "skipped": false
                },
                {
                  "title": "CT009 - Tentar cadastrar sem número de vagas",
                  "fullTitle": "Testes de Cadastro de Cursos ❌ CTs NEGATIVOS - Campos obrigatórios CT009 - Tentar cadastrar sem número de vagas",
                  "timedOut": null,
                  "duration": 3304,
                  "state": "passed",
                  "speed": "fast",
                  "pass": true,
                  "fail": false,
                  "pending": false,
                  "context": null,
                  "code": "_cadastroPage.default.getCampoNome().type('Curso teste');\n_cadastroPage.default.getCampoDescricao().type('Descrição');\n_cadastroPage.default.getCampoInstrutor().type('Instrutor');\n_cadastroPage.default.getCampoUrlImagem().type('https://exemplo.com/img.jpg');\n_cadastroPage.default.getCampoDataInicio().type('2026-03-01');\n_cadastroPage.default.getCampoDataFim().type('2026-03-30');\n_cadastroPage.default.selecionarTipoCurso('Presencial');\n_cadastroPage.default.clicarCadastrar();\ncy.log('✅ CT009 executado com sucesso');",
                  "err": {},
                  "uuid": "0c992fb0-db6e-4126-8888-8f99fd51c832",
                  "parentUUID": "11e25506-11e1-431e-8daf-2d82a46b7f59",
                  "isHook": false,
                  "skipped": false
                },
                {
                  "title": "CT010 - Tentar cadastrar sem tipo de curso",
                  "fullTitle": "Testes de Cadastro de Cursos ❌ CTs NEGATIVOS - Campos obrigatórios CT010 - Tentar cadastrar sem tipo de curso",
                  "timedOut": null,
                  "duration": 3240,
                  "state": "passed",
                  "speed": "fast",
                  "pass": true,
                  "fail": false,
                  "pending": false,
                  "context": null,
                  "code": "_cadastroPage.default.getCampoNome().type('Curso teste');\n_cadastroPage.default.getCampoDescricao().type('Descrição');\n_cadastroPage.default.getCampoInstrutor().type('Instrutor');\n_cadastroPage.default.getCampoUrlImagem().type('https://exemplo.com/img.jpg');\n_cadastroPage.default.getCampoDataInicio().type('2026-03-01');\n_cadastroPage.default.getCampoDataFim().type('2026-03-30');\n_cadastroPage.default.getCampoNumeroVagas().type('10');\n_cadastroPage.default.clicarCadastrar();\ncy.log('✅ CT010 executado com sucesso');",
                  "err": {},
                  "uuid": "d6569f8a-b6ef-4420-9156-03f1dac7f619",
                  "parentUUID": "11e25506-11e1-431e-8daf-2d82a46b7f59",
                  "isHook": false,
                  "skipped": false
                }
              ],
              "suites": [],
              "passes": [
                "7adc610c-29cb-4386-8147-bf44ea8a7459",
                "a868001e-824b-4181-812a-759bb7ea15e5",
                "63b005e4-f2b2-4dbd-9769-2b836cb7329b",
                "940f1fda-d1ae-44bc-b786-5116c057584d",
                "0e83c90f-63e9-4959-8e17-adb726d15aa1",
                "0c992fb0-db6e-4126-8888-8f99fd51c832",
                "d6569f8a-b6ef-4420-9156-03f1dac7f619"
              ],
              "failures": [],
              "pending": [],
              "skipped": [],
              "duration": 22521,
              "root": false,
              "rootEmpty": false,
              "_timeout": 2000
            },
            {
              "uuid": "a2293d25-1d06-4e52-8dba-24aafc8d9670",
              "title": "🔍 CTs de Validação",
              "fullFile": "",
              "file": "",
              "beforeHooks": [],
              "afterHooks": [],
              "tests": [
                {
                  "title": "CT011 - Data início maior que data fim",
                  "fullTitle": "Testes de Cadastro de Cursos 🔍 CTs de Validação CT011 - Data início maior que data fim",
                  "timedOut": null,
                  "duration": 3553,
                  "state": "passed",
                  "speed": "fast",
                  "pass": true,
                  "fail": false,
                  "pending": false,
                  "context": null,
                  "code": "_cadastroPage.default.getCampoNome().type('Datas inválidas');\n_cadastroPage.default.getCampoDescricao().type('Descrição');\n_cadastroPage.default.getCampoInstrutor().type('Instrutor');\n_cadastroPage.default.getCampoUrlImagem().type('https://exemplo.com/img.jpg');\n_cadastroPage.default.getCampoDataInicio().type('2026-03-30');\n_cadastroPage.default.getCampoDataFim().type('2026-03-01');\n_cadastroPage.default.getCampoNumeroVagas().type('10');\n_cadastroPage.default.selecionarTipoCurso('Presencial');\n_cadastroPage.default.clicarCadastrar();\ncy.log('✅ CT011 executado com sucesso');",
                  "err": {},
                  "uuid": "d99c3e1d-177c-4fd5-8faf-66db224e0091",
                  "parentUUID": "a2293d25-1d06-4e52-8dba-24aafc8d9670",
                  "isHook": false,
                  "skipped": false
                },
                {
                  "title": "CT012 - Campo vagas não aceita letras",
                  "fullTitle": "Testes de Cadastro de Cursos 🔍 CTs de Validação CT012 - Campo vagas não aceita letras",
                  "timedOut": null,
                  "duration": 1450,
                  "state": "passed",
                  "speed": "fast",
                  "pass": true,
                  "fail": false,
                  "pending": false,
                  "context": null,
                  "code": "_cadastroPage.default.getCampoNumeroVagas().type('abc');\n_cadastroPage.default.getCampoNumeroVagas().should('have.value', '');\ncy.log('✅ CT012 executado com sucesso');",
                  "err": {},
                  "uuid": "b5860a94-019c-4486-b86e-01eb9b39ddca",
                  "parentUUID": "a2293d25-1d06-4e52-8dba-24aafc8d9670",
                  "isHook": false,
                  "skipped": false
                },
                {
                  "title": "CT013 - Campo vagas não aceita negativos",
                  "fullTitle": "Testes de Cadastro de Cursos 🔍 CTs de Validação CT013 - Campo vagas não aceita negativos",
                  "timedOut": null,
                  "duration": 2303,
                  "state": "passed",
                  "speed": "fast",
                  "pass": true,
                  "fail": false,
                  "pending": false,
                  "context": null,
                  "code": "_cadastroPage.default.getCampoNumeroVagas().clear();\n_cadastroPage.default.getCampoNumeroVagas().type('-5');\n_cadastroPage.default.getCampoNumeroVagas().invoke('val').then(val => {\n  if (val === '-5') {\n    cy.log('⚠️ ATENÇÃO: Campo aceitou valor negativo!');\n  } else {\n    cy.log('✅ Campo não aceitou negativo');\n  }\n});\ncy.log('✅ CT013 executado com sucesso');",
                  "err": {},
                  "uuid": "4186aa61-af31-4175-b8da-fb3216191641",
                  "parentUUID": "a2293d25-1d06-4e52-8dba-24aafc8d9670",
                  "isHook": false,
                  "skipped": false
                }
              ],
              "suites": [],
              "passes": [
                "d99c3e1d-177c-4fd5-8faf-66db224e0091",
                "b5860a94-019c-4486-b86e-01eb9b39ddca",
                "4186aa61-af31-4175-b8da-fb3216191641"
              ],
              "failures": [],
              "pending": [],
              "skipped": [],
              "duration": 7306,
              "root": false,
              "rootEmpty": false,
              "_timeout": 2000
            },
            {
              "uuid": "aababed0-35ae-4ac2-8f54-25a7ebda1978",
              "title": "🧭 CTs de Navegação",
              "fullFile": "",
              "file": "",
              "beforeHooks": [],
              "afterHooks": [],
              "tests": [
                {
                  "title": "CT014 - Clicar em Listar cursos volta para página inicial",
                  "fullTitle": "Testes de Cadastro de Cursos 🧭 CTs de Navegação CT014 - Clicar em Listar cursos volta para página inicial",
                  "timedOut": null,
                  "duration": 1845,
                  "state": "passed",
                  "speed": "fast",
                  "pass": true,
                  "fail": false,
                  "pending": false,
                  "context": null,
                  "code": "_cadastroPage.default.clicarListarCursos();\ncy.url().should('eq', Cypress.config().baseUrl + '/');\ncy.contains('h4', 'Lista de cursos').should('be.visible');\ncy.log('✅ CT014 executado com sucesso');",
                  "err": {},
                  "uuid": "15e75d51-0c7c-4d50-a31e-b340afc57990",
                  "parentUUID": "aababed0-35ae-4ac2-8f54-25a7ebda1978",
                  "isHook": false,
                  "skipped": false
                }
              ],
              "suites": [],
              "passes": [
                "15e75d51-0c7c-4d50-a31e-b340afc57990"
              ],
              "failures": [],
              "pending": [],
              "skipped": [],
              "duration": 1845,
              "root": false,
              "rootEmpty": false,
              "_timeout": 2000
            }
          ],
          "passes": [],
          "failures": [],
          "pending": [],
          "skipped": [],
          "duration": 0,
          "root": false,
          "rootEmpty": false,
          "_timeout": 2000
        }
      ],
      "passes": [],
      "failures": [],
      "pending": [],
      "skipped": [],
      "duration": 0,
      "root": true,
      "rootEmpty": true,
      "_timeout": 2000
    }
  ],
  "meta": {
    "mocha": {
      "version": "7.2.0"
    },
    "mochawesome": {
      "options": {
        "quiet": false,
        "reportFilename": "[name]-report",
        "saveHtml": false,
        "saveJson": true,
        "consoleReporter": "spec",
        "useInlineDiffs": false,
        "code": true
      },
      "version": "7.1.4"
    },
    "marge": {
      "options": {
        "reportDir": "cypress/reports",
        "reportFilename": "[name]-report",
        "overwrite": false,
        "html": false,
        "json": true,
        "charts": true,
        "embeddedScreenshots": true,
        "inlineAssets": true,
        "saveAllAttempts": false,
        "timestamp": "ddmmyyyy_HHMMss"
      },
      "version": "6.3.2"
    }
  }
}