{
  "stats": {
    "suites": 5,
    "tests": 14,
    "passes": 14,
    "pending": 0,
    "failures": 0,
    "start": "2026-03-09T12:50:37.487Z",
    "end": "2026-03-09T12:51:21.270Z",
    "duration": 43783,
    "testsRegistered": 14,
    "passPercent": 100,
    "pendingPercent": 0,
    "other": 0,
    "hasOther": false,
    "skipped": 0,
    "hasSkipped": false
  },
  "results": [
    {
      "uuid": "50eb657b-f32c-44ad-ae28-9cc6c66d4e2b",
      "title": "",
      "fullFile": "cypress\\e2e\\cadastro-curso.cy.js",
      "file": "cypress\\e2e\\cadastro-curso.cy.js",
      "beforeHooks": [],
      "afterHooks": [],
      "tests": [],
      "suites": [
        {
          "uuid": "620a50d0-12dd-4cd9-909d-7dab240ae302",
          "title": "Testes de Cadastro de Cursos",
          "fullFile": "",
          "file": "",
          "beforeHooks": [],
          "afterHooks": [],
          "tests": [],
          "suites": [
            {
              "uuid": "b492ea1f-707d-4c60-8ad9-2995a7222125",
              "title": "✅ CTs POSITIVOS",
              "fullFile": "",
              "file": "",
              "beforeHooks": [],
              "afterHooks": [],
              "tests": [
                {
                  "title": "CT001 - Cadastro com todos os campos preenchidos",
                  "fullTitle": "Testes de Cadastro de Cursos ✅ CTs POSITIVOS CT001 - Cadastro com todos os campos preenchidos",
                  "timedOut": null,
                  "duration": 6527,
                  "state": "passed",
                  "speed": "medium",
                  "pass": true,
                  "fail": false,
                  "pending": false,
                  "context": null,
                  "code": "_cadastroPage.default.getCampoNome().type('Cypress Básico');\n_cadastroPage.default.getCampoDescricao().type('Curso introdutório de Cypress');\n_cadastroPage.default.getCampoInstrutor().type('João Silva');\n_cadastroPage.default.getCampoUrlImagem().type('https://exemplo.com/img.jpg');\n_cadastroPage.default.getCampoDataInicio().type('2026-03-01');\n_cadastroPage.default.getCampoDataFim().type('2026-03-30');\n_cadastroPage.default.getCampoNumeroVagas().type('20');\n_cadastroPage.default.selecionarTipoCurso('Online');\n_cadastroPage.default.clicarCadastrar();\n// ✅ VERIFICAÇÕES PARA TESTES POSITIVOS\ncy.url().should('include', '/'); // Verifica redirecionamento\ncy.contains('h4', 'Lista de cursos', {\n  timeout: 10000\n}).should('be.visible'); // Verifica listagem\ncy.contains('Cypress Básico', {\n  timeout: 10000\n}).should('be.visible'); // Verifica se o curso apareceu\ncy.log('✅ CT001 executado com sucesso');",
                  "err": {},
                  "uuid": "c74c0b06-3fc5-469d-8a8d-3ae90d61ca3b",
                  "parentUUID": "b492ea1f-707d-4c60-8ad9-2995a7222125",
                  "isHook": false,
                  "skipped": false
                },
                {
                  "title": "CT002 - Cadastro com datas iguais",
                  "fullTitle": "Testes de Cadastro de Cursos ✅ CTs POSITIVOS CT002 - Cadastro com datas iguais",
                  "timedOut": null,
                  "duration": 3693,
                  "state": "passed",
                  "speed": "fast",
                  "pass": true,
                  "fail": false,
                  "pending": false,
                  "context": null,
                  "code": "_cadastroPage.default.getCampoNome().type('Workshop 1 dia');\n_cadastroPage.default.getCampoDescricao().type('Curso rápido');\n_cadastroPage.default.getCampoInstrutor().type('Maria Santos');\n_cadastroPage.default.getCampoUrlImagem().type('https://exemplo.com/img.jpg');\n_cadastroPage.default.getCampoDataInicio().type('2026-03-15');\n_cadastroPage.default.getCampoDataFim().type('2026-03-15');\n_cadastroPage.default.getCampoNumeroVagas().type('10');\n_cadastroPage.default.selecionarTipoCurso('Online');\n_cadastroPage.default.clicarCadastrar();\ncy.url().should('include', '/');\ncy.contains('h4', 'Lista de cursos').should('be.visible');\ncy.contains('Workshop 1 dia', {\n  timeout: 10000\n}).should('be.visible');\ncy.log('✅ CT002 executado com sucesso');",
                  "err": {},
                  "uuid": "9080cbae-7c82-4635-b27b-3fa9acb4c3f7",
                  "parentUUID": "b492ea1f-707d-4c60-8ad9-2995a7222125",
                  "isHook": false,
                  "skipped": false
                },
                {
                  "title": "CT003 - Cadastro sem URL da imagem",
                  "fullTitle": "Testes de Cadastro de Cursos ✅ CTs POSITIVOS CT003 - Cadastro sem URL da imagem",
                  "timedOut": null,
                  "duration": 3075,
                  "state": "passed",
                  "speed": "fast",
                  "pass": true,
                  "fail": false,
                  "pending": false,
                  "context": null,
                  "code": "_cadastroPage.default.getCampoNome().type('Curso sem imagem');\n_cadastroPage.default.getCampoDescricao().type('Descrição');\n_cadastroPage.default.getCampoInstrutor().type('Pedro');\n_cadastroPage.default.getCampoDataInicio().type('2026-04-01');\n_cadastroPage.default.getCampoDataFim().type('2026-04-10');\n_cadastroPage.default.getCampoNumeroVagas().type('15');\n_cadastroPage.default.selecionarTipoCurso('Presencial');\n_cadastroPage.default.clicarCadastrar();\ncy.url().should('include', '/');\ncy.contains('h4', 'Lista de cursos').should('be.visible');\ncy.contains('Curso sem imagem', {\n  timeout: 10000\n}).should('be.visible');\ncy.log('✅ CT003 executado com sucesso');",
                  "err": {},
                  "uuid": "bf82831e-3f7a-46e4-920d-343116745ead",
                  "parentUUID": "b492ea1f-707d-4c60-8ad9-2995a7222125",
                  "isHook": false,
                  "skipped": false
                }
              ],
              "suites": [],
              "passes": [
                "c74c0b06-3fc5-469d-8a8d-3ae90d61ca3b",
                "9080cbae-7c82-4635-b27b-3fa9acb4c3f7",
                "bf82831e-3f7a-46e4-920d-343116745ead"
              ],
              "failures": [],
              "pending": [],
              "skipped": [],
              "duration": 13295,
              "root": false,
              "rootEmpty": false,
              "_timeout": 2000
            },
            {
              "uuid": "2dfb6953-1dd6-48cf-a4e4-82d2aaf550b1",
              "title": "❌ CTs NEGATIVOS - Campos obrigatórios",
              "fullFile": "",
              "file": "",
              "beforeHooks": [],
              "afterHooks": [],
              "tests": [
                {
                  "title": "CT004 - Tentar cadastrar sem nome",
                  "fullTitle": "Testes de Cadastro de Cursos ❌ CTs NEGATIVOS - Campos obrigatórios CT004 - Tentar cadastrar sem nome",
                  "timedOut": null,
                  "duration": 3135,
                  "state": "passed",
                  "speed": "fast",
                  "pass": true,
                  "fail": false,
                  "pending": false,
                  "context": null,
                  "code": "_cadastroPage.default.getCampoDescricao().type('Descrição');\n_cadastroPage.default.getCampoInstrutor().type('Instrutor');\n_cadastroPage.default.getCampoUrlImagem().type('https://exemplo.com/img.jpg');\n_cadastroPage.default.getCampoDataInicio().type('2026-03-01');\n_cadastroPage.default.getCampoDataFim().type('2026-03-30');\n_cadastroPage.default.getCampoNumeroVagas().type('10');\n_cadastroPage.default.selecionarTipoCurso('Presencial');\n_cadastroPage.default.clicarCadastrar();\ncy.log('✅ CT004 executado com sucesso');",
                  "err": {},
                  "uuid": "fc6a1008-2d3c-460b-af67-90defc76d774",
                  "parentUUID": "2dfb6953-1dd6-48cf-a4e4-82d2aaf550b1",
                  "isHook": false,
                  "skipped": false
                },
                {
                  "title": "CT005 - Tentar cadastrar sem descrição",
                  "fullTitle": "Testes de Cadastro de Cursos ❌ CTs NEGATIVOS - Campos obrigatórios CT005 - Tentar cadastrar sem descrição",
                  "timedOut": null,
                  "duration": 3143,
                  "state": "passed",
                  "speed": "fast",
                  "pass": true,
                  "fail": false,
                  "pending": false,
                  "context": null,
                  "code": "_cadastroPage.default.getCampoNome().type('Curso teste');\n_cadastroPage.default.getCampoInstrutor().type('Instrutor');\n_cadastroPage.default.getCampoUrlImagem().type('https://exemplo.com/img.jpg');\n_cadastroPage.default.getCampoDataInicio().type('2026-03-01');\n_cadastroPage.default.getCampoDataFim().type('2026-03-30');\n_cadastroPage.default.getCampoNumeroVagas().type('10');\n_cadastroPage.default.selecionarTipoCurso('Presencial');\n_cadastroPage.default.clicarCadastrar();\ncy.log('✅ CT005 executado com sucesso');",
                  "err": {},
                  "uuid": "e6db6d92-45e9-4698-a015-0c3b29cd8e64",
                  "parentUUID": "2dfb6953-1dd6-48cf-a4e4-82d2aaf550b1",
                  "isHook": false,
                  "skipped": false
                },
                {
                  "title": "CT006 - Tentar cadastrar sem instrutor",
                  "fullTitle": "Testes de Cadastro de Cursos ❌ CTs NEGATIVOS - Campos obrigatórios CT006 - Tentar cadastrar sem instrutor",
                  "timedOut": null,
                  "duration": 3111,
                  "state": "passed",
                  "speed": "fast",
                  "pass": true,
                  "fail": false,
                  "pending": false,
                  "context": null,
                  "code": "_cadastroPage.default.getCampoNome().type('Curso teste');\n_cadastroPage.default.getCampoDescricao().type('Descrição');\n_cadastroPage.default.getCampoUrlImagem().type('https://exemplo.com/img.jpg');\n_cadastroPage.default.getCampoDataInicio().type('2026-03-01');\n_cadastroPage.default.getCampoDataFim().type('2026-03-30');\n_cadastroPage.default.getCampoNumeroVagas().type('10');\n_cadastroPage.default.selecionarTipoCurso('Presencial');\n_cadastroPage.default.clicarCadastrar();\ncy.log('✅ CT006 executado com sucesso');",
                  "err": {},
                  "uuid": "536badec-d700-40f3-83ce-933dcd01b4b3",
                  "parentUUID": "2dfb6953-1dd6-48cf-a4e4-82d2aaf550b1",
                  "isHook": false,
                  "skipped": false
                },
                {
                  "title": "CT007 - Tentar cadastrar sem data início",
                  "fullTitle": "Testes de Cadastro de Cursos ❌ CTs NEGATIVOS - Campos obrigatórios CT007 - Tentar cadastrar sem data início",
                  "timedOut": null,
                  "duration": 3152,
                  "state": "passed",
                  "speed": "fast",
                  "pass": true,
                  "fail": false,
                  "pending": false,
                  "context": null,
                  "code": "_cadastroPage.default.getCampoNome().type('Curso teste');\n_cadastroPage.default.getCampoDescricao().type('Descrição');\n_cadastroPage.default.getCampoInstrutor().type('Instrutor');\n_cadastroPage.default.getCampoUrlImagem().type('https://exemplo.com/img.jpg');\n_cadastroPage.default.getCampoDataFim().type('2026-03-30');\n_cadastroPage.default.getCampoNumeroVagas().type('10');\n_cadastroPage.default.selecionarTipoCurso('Presencial');\n_cadastroPage.default.clicarCadastrar();\ncy.log('✅ CT007 executado com sucesso');",
                  "err": {},
                  "uuid": "90b93d8f-8878-4214-bbb2-9f334b27c18e",
                  "parentUUID": "2dfb6953-1dd6-48cf-a4e4-82d2aaf550b1",
                  "isHook": false,
                  "skipped": false
                },
                {
                  "title": "CT008 - Tentar cadastrar sem data fim",
                  "fullTitle": "Testes de Cadastro de Cursos ❌ CTs NEGATIVOS - Campos obrigatórios CT008 - Tentar cadastrar sem data fim",
                  "timedOut": null,
                  "duration": 3136,
                  "state": "passed",
                  "speed": "fast",
                  "pass": true,
                  "fail": false,
                  "pending": false,
                  "context": null,
                  "code": "_cadastroPage.default.getCampoNome().type('Curso teste');\n_cadastroPage.default.getCampoDescricao().type('Descrição');\n_cadastroPage.default.getCampoInstrutor().type('Instrutor');\n_cadastroPage.default.getCampoUrlImagem().type('https://exemplo.com/img.jpg');\n_cadastroPage.default.getCampoDataInicio().type('2026-03-01');\n_cadastroPage.default.getCampoNumeroVagas().type('10');\n_cadastroPage.default.selecionarTipoCurso('Presencial');\n_cadastroPage.default.clicarCadastrar();\ncy.log('✅ CT008 executado com sucesso');",
                  "err": {},
                  "uuid": "4d5b5ed1-126b-4fa2-9fd0-d79c6f68e237",
                  "parentUUID": "2dfb6953-1dd6-48cf-a4e4-82d2aaf550b1",
                  "isHook": false,
                  "skipped": false
                },
                {
                  "title": "CT009 - Tentar cadastrar sem número de vagas",
                  "fullTitle": "Testes de Cadastro de Cursos ❌ CTs NEGATIVOS - Campos obrigatórios CT009 - Tentar cadastrar sem número de vagas",
                  "timedOut": null,
                  "duration": 3269,
                  "state": "passed",
                  "speed": "fast",
                  "pass": true,
                  "fail": false,
                  "pending": false,
                  "context": null,
                  "code": "_cadastroPage.default.getCampoNome().type('Curso teste');\n_cadastroPage.default.getCampoDescricao().type('Descrição');\n_cadastroPage.default.getCampoInstrutor().type('Instrutor');\n_cadastroPage.default.getCampoUrlImagem().type('https://exemplo.com/img.jpg');\n_cadastroPage.default.getCampoDataInicio().type('2026-03-01');\n_cadastroPage.default.getCampoDataFim().type('2026-03-30');\n_cadastroPage.default.selecionarTipoCurso('Presencial');\n_cadastroPage.default.clicarCadastrar();\ncy.log('✅ CT009 executado com sucesso');",
                  "err": {},
                  "uuid": "232ec870-5097-4b6c-b2ec-a350a4f35623",
                  "parentUUID": "2dfb6953-1dd6-48cf-a4e4-82d2aaf550b1",
                  "isHook": false,
                  "skipped": false
                },
                {
                  "title": "CT010 - Tentar cadastrar sem tipo de curso",
                  "fullTitle": "Testes de Cadastro de Cursos ❌ CTs NEGATIVOS - Campos obrigatórios CT010 - Tentar cadastrar sem tipo de curso",
                  "timedOut": null,
                  "duration": 3192,
                  "state": "passed",
                  "speed": "fast",
                  "pass": true,
                  "fail": false,
                  "pending": false,
                  "context": null,
                  "code": "_cadastroPage.default.getCampoNome().type('Curso teste');\n_cadastroPage.default.getCampoDescricao().type('Descrição');\n_cadastroPage.default.getCampoInstrutor().type('Instrutor');\n_cadastroPage.default.getCampoUrlImagem().type('https://exemplo.com/img.jpg');\n_cadastroPage.default.getCampoDataInicio().type('2026-03-01');\n_cadastroPage.default.getCampoDataFim().type('2026-03-30');\n_cadastroPage.default.getCampoNumeroVagas().type('10');\n_cadastroPage.default.clicarCadastrar();\ncy.log('✅ CT010 executado com sucesso');",
                  "err": {},
                  "uuid": "0d268a60-bb42-474b-bcb1-9cae0839eeed",
                  "parentUUID": "2dfb6953-1dd6-48cf-a4e4-82d2aaf550b1",
                  "isHook": false,
                  "skipped": false
                }
              ],
              "suites": [],
              "passes": [
                "fc6a1008-2d3c-460b-af67-90defc76d774",
                "e6db6d92-45e9-4698-a015-0c3b29cd8e64",
                "536badec-d700-40f3-83ce-933dcd01b4b3",
                "90b93d8f-8878-4214-bbb2-9f334b27c18e",
                "4d5b5ed1-126b-4fa2-9fd0-d79c6f68e237",
                "232ec870-5097-4b6c-b2ec-a350a4f35623",
                "0d268a60-bb42-474b-bcb1-9cae0839eeed"
              ],
              "failures": [],
              "pending": [],
              "skipped": [],
              "duration": 22138,
              "root": false,
              "rootEmpty": false,
              "_timeout": 2000
            },
            {
              "uuid": "aaf4cb20-8f58-4d34-ab35-20bedb5b9c06",
              "title": "🔍 CTs de Validação",
              "fullFile": "",
              "file": "",
              "beforeHooks": [],
              "afterHooks": [],
              "tests": [
                {
                  "title": "CT011 - Data início maior que data fim",
                  "fullTitle": "Testes de Cadastro de Cursos 🔍 CTs de Validação CT011 - Data início maior que data fim",
                  "timedOut": null,
                  "duration": 3458,
                  "state": "passed",
                  "speed": "fast",
                  "pass": true,
                  "fail": false,
                  "pending": false,
                  "context": null,
                  "code": "_cadastroPage.default.getCampoNome().type('Datas inválidas');\n_cadastroPage.default.getCampoDescricao().type('Descrição');\n_cadastroPage.default.getCampoInstrutor().type('Instrutor');\n_cadastroPage.default.getCampoUrlImagem().type('https://exemplo.com/img.jpg');\n_cadastroPage.default.getCampoDataInicio().type('2026-03-30');\n_cadastroPage.default.getCampoDataFim().type('2026-03-01');\n_cadastroPage.default.getCampoNumeroVagas().type('10');\n_cadastroPage.default.selecionarTipoCurso('Presencial');\n_cadastroPage.default.clicarCadastrar();\ncy.log('✅ CT011 executado com sucesso');",
                  "err": {},
                  "uuid": "0f988091-4a47-4429-94d5-beb0898f5f3b",
                  "parentUUID": "aaf4cb20-8f58-4d34-ab35-20bedb5b9c06",
                  "isHook": false,
                  "skipped": false
                },
                {
                  "title": "CT012 - Campo vagas não aceita letras",
                  "fullTitle": "Testes de Cadastro de Cursos 🔍 CTs de Validação CT012 - Campo vagas não aceita letras",
                  "timedOut": null,
                  "duration": 1484,
                  "state": "passed",
                  "speed": "fast",
                  "pass": true,
                  "fail": false,
                  "pending": false,
                  "context": null,
                  "code": "_cadastroPage.default.getCampoNumeroVagas().type('abc');\n_cadastroPage.default.getCampoNumeroVagas().should('have.value', '');\ncy.log('✅ CT012 executado com sucesso');",
                  "err": {},
                  "uuid": "919e9c41-c08f-4e97-a1af-fa09d1c66e95",
                  "parentUUID": "aaf4cb20-8f58-4d34-ab35-20bedb5b9c06",
                  "isHook": false,
                  "skipped": false
                },
                {
                  "title": "CT013 - Campo vagas não aceita negativos",
                  "fullTitle": "Testes de Cadastro de Cursos 🔍 CTs de Validação CT013 - Campo vagas não aceita negativos",
                  "timedOut": null,
                  "duration": 1533,
                  "state": "passed",
                  "speed": "fast",
                  "pass": true,
                  "fail": false,
                  "pending": false,
                  "context": null,
                  "code": "_cadastroPage.default.getCampoNumeroVagas().clear();\n_cadastroPage.default.getCampoNumeroVagas().type('-5');\n_cadastroPage.default.getCampoNumeroVagas().invoke('val').then(val => {\n  if (val === '-5') {\n    cy.log('⚠️ ATENÇÃO: Campo aceitou valor negativo!');\n  } else {\n    cy.log('✅ Campo não aceitou negativo');\n  }\n});\ncy.log('✅ CT013 executado com sucesso');",
                  "err": {},
                  "uuid": "98d98f86-18cd-4272-8096-55a363ed51b7",
                  "parentUUID": "aaf4cb20-8f58-4d34-ab35-20bedb5b9c06",
                  "isHook": false,
                  "skipped": false
                }
              ],
              "suites": [],
              "passes": [
                "0f988091-4a47-4429-94d5-beb0898f5f3b",
                "919e9c41-c08f-4e97-a1af-fa09d1c66e95",
                "98d98f86-18cd-4272-8096-55a363ed51b7"
              ],
              "failures": [],
              "pending": [],
              "skipped": [],
              "duration": 6475,
              "root": false,
              "rootEmpty": false,
              "_timeout": 2000
            },
            {
              "uuid": "c7cb82cd-4677-45bf-9417-ea0fbea6631c",
              "title": "🧭 CTs de Navegação",
              "fullFile": "",
              "file": "",
              "beforeHooks": [],
              "afterHooks": [],
              "tests": [
                {
                  "title": "CT014 - Clicar em Listar cursos volta para página inicial",
                  "fullTitle": "Testes de Cadastro de Cursos 🧭 CTs de Navegação CT014 - Clicar em Listar cursos volta para página inicial",
                  "timedOut": null,
                  "duration": 1357,
                  "state": "passed",
                  "speed": "fast",
                  "pass": true,
                  "fail": false,
                  "pending": false,
                  "context": null,
                  "code": "_cadastroPage.default.clicarListarCursos();\ncy.url().should('eq', Cypress.config().baseUrl + '/');\ncy.contains('h4', 'Lista de cursos').should('be.visible');\ncy.log('✅ CT014 executado com sucesso');",
                  "err": {},
                  "uuid": "9778807c-8cb5-4766-86e5-a3bd8f4489c8",
                  "parentUUID": "c7cb82cd-4677-45bf-9417-ea0fbea6631c",
                  "isHook": false,
                  "skipped": false
                }
              ],
              "suites": [],
              "passes": [
                "9778807c-8cb5-4766-86e5-a3bd8f4489c8"
              ],
              "failures": [],
              "pending": [],
              "skipped": [],
              "duration": 1357,
              "root": false,
              "rootEmpty": false,
              "_timeout": 2000
            }
          ],
          "passes": [],
          "failures": [],
          "pending": [],
          "skipped": [],
          "duration": 0,
          "root": false,
          "rootEmpty": false,
          "_timeout": 2000
        }
      ],
      "passes": [],
      "failures": [],
      "pending": [],
      "skipped": [],
      "duration": 0,
      "root": true,
      "rootEmpty": true,
      "_timeout": 2000
    }
  ],
  "meta": {
    "mocha": {
      "version": "7.2.0"
    },
    "mochawesome": {
      "options": {
        "quiet": false,
        "reportFilename": "[name]-report",
        "saveHtml": false,
        "saveJson": true,
        "consoleReporter": "spec",
        "useInlineDiffs": false,
        "code": true
      },
      "version": "7.1.4"
    },
    "marge": {
      "options": {
        "reportDir": "cypress/reports",
        "reportFilename": "[name]-report",
        "overwrite": false,
        "html": false,
        "json": true,
        "charts": true,
        "embeddedScreenshots": true,
        "inlineAssets": true,
        "saveAllAttempts": false,
        "timestamp": "ddmmyyyy_HHMMss"
      },
      "version": "6.3.2"
    }
  }
}