{
  "stats": {
    "suites": 1,
    "tests": 14,
    "passes": 14,
    "pending": 0,
    "failures": 0,
    "start": "2026-03-09T12:53:09.551Z",
    "end": "2026-03-09T12:53:15.137Z",
    "duration": 5586,
    "testsRegistered": 14,
    "passPercent": 100,
    "pendingPercent": 0,
    "other": 0,
    "hasOther": false,
    "skipped": 0,
    "hasSkipped": false
  },
  "results": [
    {
      "uuid": "bac112ae-befe-449b-b4d5-798cbe89ff07",
      "title": "",
      "fullFile": "cypress\\e2e\\descobrir-rota.cy.js",
      "file": "cypress\\e2e\\descobrir-rota.cy.js",
      "beforeHooks": [],
      "afterHooks": [],
      "tests": [],
      "suites": [
        {
          "uuid": "c4230971-fd72-4f8c-8894-2055c1021a87",
          "title": "Descobrir a rota correta de cadastro",
          "fullFile": "",
          "file": "",
          "beforeHooks": [],
          "afterHooks": [],
          "tests": [
            {
              "title": "Testando rota: /cadastrar",
              "fullTitle": "Descobrir a rota correta de cadastro Testando rota: /cadastrar",
              "timedOut": null,
              "duration": 276,
              "state": "passed",
              "speed": "fast",
              "pass": true,
              "fail": false,
              "pending": false,
              "context": null,
              "code": "cy.visit(`https://creative-sherbet-a51eac.netlify.app${rota}`, {\n  failOnStatusCode: false\n}).then(resp => {\n  if (resp.status === 200) {\n    cy.log(`✅ ROTA ENCONTRADA: ${rota}`);\n    cy.screenshot(`rota-encontrada-${rota.replace(/\\//g, '-')}`);\n  } else {\n    cy.log(`❌ Rota não encontrada: ${rota} (${resp.status})`);\n  }\n});",
              "err": {},
              "uuid": "c862020c-d288-4258-a413-c3739ce50825",
              "parentUUID": "c4230971-fd72-4f8c-8894-2055c1021a87",
              "isHook": false,
              "skipped": false
            },
            {
              "title": "Testando rota: /cadastro",
              "fullTitle": "Descobrir a rota correta de cadastro Testando rota: /cadastro",
              "timedOut": null,
              "duration": 256,
              "state": "passed",
              "speed": "fast",
              "pass": true,
              "fail": false,
              "pending": false,
              "context": null,
              "code": "cy.visit(`https://creative-sherbet-a51eac.netlify.app${rota}`, {\n  failOnStatusCode: false\n}).then(resp => {\n  if (resp.status === 200) {\n    cy.log(`✅ ROTA ENCONTRADA: ${rota}`);\n    cy.screenshot(`rota-encontrada-${rota.replace(/\\//g, '-')}`);\n  } else {\n    cy.log(`❌ Rota não encontrada: ${rota} (${resp.status})`);\n  }\n});",
              "err": {},
              "uuid": "c87f0898-c942-4034-9636-3922fcae31b0",
              "parentUUID": "c4230971-fd72-4f8c-8894-2055c1021a87",
              "isHook": false,
              "skipped": false
            },
            {
              "title": "Testando rota: /novo-curso",
              "fullTitle": "Descobrir a rota correta de cadastro Testando rota: /novo-curso",
              "timedOut": null,
              "duration": 257,
              "state": "passed",
              "speed": "fast",
              "pass": true,
              "fail": false,
              "pending": false,
              "context": null,
              "code": "cy.visit(`https://creative-sherbet-a51eac.netlify.app${rota}`, {\n  failOnStatusCode: false\n}).then(resp => {\n  if (resp.status === 200) {\n    cy.log(`✅ ROTA ENCONTRADA: ${rota}`);\n    cy.screenshot(`rota-encontrada-${rota.replace(/\\//g, '-')}`);\n  } else {\n    cy.log(`❌ Rota não encontrada: ${rota} (${resp.status})`);\n  }\n});",
              "err": {},
              "uuid": "27da7c3c-2695-4804-885c-de6572b75a3e",
              "parentUUID": "c4230971-fd72-4f8c-8894-2055c1021a87",
              "isHook": false,
              "skipped": false
            },
            {
              "title": "Testando rota: /novo",
              "fullTitle": "Descobrir a rota correta de cadastro Testando rota: /novo",
              "timedOut": null,
              "duration": 276,
              "state": "passed",
              "speed": "fast",
              "pass": true,
              "fail": false,
              "pending": false,
              "context": null,
              "code": "cy.visit(`https://creative-sherbet-a51eac.netlify.app${rota}`, {\n  failOnStatusCode: false\n}).then(resp => {\n  if (resp.status === 200) {\n    cy.log(`✅ ROTA ENCONTRADA: ${rota}`);\n    cy.screenshot(`rota-encontrada-${rota.replace(/\\//g, '-')}`);\n  } else {\n    cy.log(`❌ Rota não encontrada: ${rota} (${resp.status})`);\n  }\n});",
              "err": {},
              "uuid": "5c43ea6d-57f1-4531-bd0e-357038d026e1",
              "parentUUID": "c4230971-fd72-4f8c-8894-2055c1021a87",
              "isHook": false,
              "skipped": false
            },
            {
              "title": "Testando rota: /criar-curso",
              "fullTitle": "Descobrir a rota correta de cadastro Testando rota: /criar-curso",
              "timedOut": null,
              "duration": 252,
              "state": "passed",
              "speed": "fast",
              "pass": true,
              "fail": false,
              "pending": false,
              "context": null,
              "code": "cy.visit(`https://creative-sherbet-a51eac.netlify.app${rota}`, {\n  failOnStatusCode: false\n}).then(resp => {\n  if (resp.status === 200) {\n    cy.log(`✅ ROTA ENCONTRADA: ${rota}`);\n    cy.screenshot(`rota-encontrada-${rota.replace(/\\//g, '-')}`);\n  } else {\n    cy.log(`❌ Rota não encontrada: ${rota} (${resp.status})`);\n  }\n});",
              "err": {},
              "uuid": "20eeacd6-7884-4fca-9c3d-a5f8b1461688",
              "parentUUID": "c4230971-fd72-4f8c-8894-2055c1021a87",
              "isHook": false,
              "skipped": false
            },
            {
              "title": "Testando rota: /adicionar-curso",
              "fullTitle": "Descobrir a rota correta de cadastro Testando rota: /adicionar-curso",
              "timedOut": null,
              "duration": 249,
              "state": "passed",
              "speed": "fast",
              "pass": true,
              "fail": false,
              "pending": false,
              "context": null,
              "code": "cy.visit(`https://creative-sherbet-a51eac.netlify.app${rota}`, {\n  failOnStatusCode: false\n}).then(resp => {\n  if (resp.status === 200) {\n    cy.log(`✅ ROTA ENCONTRADA: ${rota}`);\n    cy.screenshot(`rota-encontrada-${rota.replace(/\\//g, '-')}`);\n  } else {\n    cy.log(`❌ Rota não encontrada: ${rota} (${resp.status})`);\n  }\n});",
              "err": {},
              "uuid": "a81bfd21-a399-411f-bfd3-fbc51ddc386f",
              "parentUUID": "c4230971-fd72-4f8c-8894-2055c1021a87",
              "isHook": false,
              "skipped": false
            },
            {
              "title": "Testando rota: /course/new",
              "fullTitle": "Descobrir a rota correta de cadastro Testando rota: /course/new",
              "timedOut": null,
              "duration": 260,
              "state": "passed",
              "speed": "fast",
              "pass": true,
              "fail": false,
              "pending": false,
              "context": null,
              "code": "cy.visit(`https://creative-sherbet-a51eac.netlify.app${rota}`, {\n  failOnStatusCode: false\n}).then(resp => {\n  if (resp.status === 200) {\n    cy.log(`✅ ROTA ENCONTRADA: ${rota}`);\n    cy.screenshot(`rota-encontrada-${rota.replace(/\\//g, '-')}`);\n  } else {\n    cy.log(`❌ Rota não encontrada: ${rota} (${resp.status})`);\n  }\n});",
              "err": {},
              "uuid": "4d86ddc6-2d16-4f38-a922-8d197de1f93e",
              "parentUUID": "c4230971-fd72-4f8c-8894-2055c1021a87",
              "isHook": false,
              "skipped": false
            },
            {
              "title": "Testando rota: /course/create",
              "fullTitle": "Descobrir a rota correta de cadastro Testando rota: /course/create",
              "timedOut": null,
              "duration": 262,
              "state": "passed",
              "speed": "fast",
              "pass": true,
              "fail": false,
              "pending": false,
              "context": null,
              "code": "cy.visit(`https://creative-sherbet-a51eac.netlify.app${rota}`, {\n  failOnStatusCode: false\n}).then(resp => {\n  if (resp.status === 200) {\n    cy.log(`✅ ROTA ENCONTRADA: ${rota}`);\n    cy.screenshot(`rota-encontrada-${rota.replace(/\\//g, '-')}`);\n  } else {\n    cy.log(`❌ Rota não encontrada: ${rota} (${resp.status})`);\n  }\n});",
              "err": {},
              "uuid": "9734713b-ab12-4189-8618-7952f2872f91",
              "parentUUID": "c4230971-fd72-4f8c-8894-2055c1021a87",
              "isHook": false,
              "skipped": false
            },
            {
              "title": "Testando rota: /new",
              "fullTitle": "Descobrir a rota correta de cadastro Testando rota: /new",
              "timedOut": null,
              "duration": 256,
              "state": "passed",
              "speed": "fast",
              "pass": true,
              "fail": false,
              "pending": false,
              "context": null,
              "code": "cy.visit(`https://creative-sherbet-a51eac.netlify.app${rota}`, {\n  failOnStatusCode: false\n}).then(resp => {\n  if (resp.status === 200) {\n    cy.log(`✅ ROTA ENCONTRADA: ${rota}`);\n    cy.screenshot(`rota-encontrada-${rota.replace(/\\//g, '-')}`);\n  } else {\n    cy.log(`❌ Rota não encontrada: ${rota} (${resp.status})`);\n  }\n});",
              "err": {},
              "uuid": "3aced1eb-83fc-4ce1-9cab-a2bbc4047e42",
              "parentUUID": "c4230971-fd72-4f8c-8894-2055c1021a87",
              "isHook": false,
              "skipped": false
            },
            {
              "title": "Testando rota: /create",
              "fullTitle": "Descobrir a rota correta de cadastro Testando rota: /create",
              "timedOut": null,
              "duration": 258,
              "state": "passed",
              "speed": "fast",
              "pass": true,
              "fail": false,
              "pending": false,
              "context": null,
              "code": "cy.visit(`https://creative-sherbet-a51eac.netlify.app${rota}`, {\n  failOnStatusCode: false\n}).then(resp => {\n  if (resp.status === 200) {\n    cy.log(`✅ ROTA ENCONTRADA: ${rota}`);\n    cy.screenshot(`rota-encontrada-${rota.replace(/\\//g, '-')}`);\n  } else {\n    cy.log(`❌ Rota não encontrada: ${rota} (${resp.status})`);\n  }\n});",
              "err": {},
              "uuid": "ce7a2e80-621a-4673-be27-336aa21efdea",
              "parentUUID": "c4230971-fd72-4f8c-8894-2055c1021a87",
              "isHook": false,
              "skipped": false
            },
            {
              "title": "Testando rota: /add-course",
              "fullTitle": "Descobrir a rota correta de cadastro Testando rota: /add-course",
              "timedOut": null,
              "duration": 250,
              "state": "passed",
              "speed": "fast",
              "pass": true,
              "fail": false,
              "pending": false,
              "context": null,
              "code": "cy.visit(`https://creative-sherbet-a51eac.netlify.app${rota}`, {\n  failOnStatusCode: false\n}).then(resp => {\n  if (resp.status === 200) {\n    cy.log(`✅ ROTA ENCONTRADA: ${rota}`);\n    cy.screenshot(`rota-encontrada-${rota.replace(/\\//g, '-')}`);\n  } else {\n    cy.log(`❌ Rota não encontrada: ${rota} (${resp.status})`);\n  }\n});",
              "err": {},
              "uuid": "dc09a5b8-9e73-43fd-9306-37bde9f45b67",
              "parentUUID": "c4230971-fd72-4f8c-8894-2055c1021a87",
              "isHook": false,
              "skipped": false
            },
            {
              "title": "Testando rota: /curso/novo",
              "fullTitle": "Descobrir a rota correta de cadastro Testando rota: /curso/novo",
              "timedOut": null,
              "duration": 250,
              "state": "passed",
              "speed": "fast",
              "pass": true,
              "fail": false,
              "pending": false,
              "context": null,
              "code": "cy.visit(`https://creative-sherbet-a51eac.netlify.app${rota}`, {\n  failOnStatusCode: false\n}).then(resp => {\n  if (resp.status === 200) {\n    cy.log(`✅ ROTA ENCONTRADA: ${rota}`);\n    cy.screenshot(`rota-encontrada-${rota.replace(/\\//g, '-')}`);\n  } else {\n    cy.log(`❌ Rota não encontrada: ${rota} (${resp.status})`);\n  }\n});",
              "err": {},
              "uuid": "87e4e728-576e-4606-bcbc-8677ea3c20a0",
              "parentUUID": "c4230971-fd72-4f8c-8894-2055c1021a87",
              "isHook": false,
              "skipped": false
            },
            {
              "title": "Testando rota: /form",
              "fullTitle": "Descobrir a rota correta de cadastro Testando rota: /form",
              "timedOut": null,
              "duration": 255,
              "state": "passed",
              "speed": "fast",
              "pass": true,
              "fail": false,
              "pending": false,
              "context": null,
              "code": "cy.visit(`https://creative-sherbet-a51eac.netlify.app${rota}`, {\n  failOnStatusCode: false\n}).then(resp => {\n  if (resp.status === 200) {\n    cy.log(`✅ ROTA ENCONTRADA: ${rota}`);\n    cy.screenshot(`rota-encontrada-${rota.replace(/\\//g, '-')}`);\n  } else {\n    cy.log(`❌ Rota não encontrada: ${rota} (${resp.status})`);\n  }\n});",
              "err": {},
              "uuid": "a7ed0313-abea-42c8-a950-45c18b138f9a",
              "parentUUID": "c4230971-fd72-4f8c-8894-2055c1021a87",
              "isHook": false,
              "skipped": false
            },
            {
              "title": "Clicar no botão para ver para onde vai",
              "fullTitle": "Descobrir a rota correta de cadastro Clicar no botão para ver para onde vai",
              "timedOut": null,
              "duration": 2018,
              "state": "passed",
              "speed": "fast",
              "pass": true,
              "fail": false,
              "pending": false,
              "context": null,
              "code": "cy.visit('https://creative-sherbet-a51eac.netlify.app/');\ncy.contains('a', 'Cadastrar curso').click();\ncy.url().then(url => {\n  cy.log('🚀 URL após clique: ' + url);\n});",
              "err": {},
              "uuid": "9c3dfa26-35fa-4766-bf04-fc1756009010",
              "parentUUID": "c4230971-fd72-4f8c-8894-2055c1021a87",
              "isHook": false,
              "skipped": false
            }
          ],
          "suites": [],
          "passes": [
            "c862020c-d288-4258-a413-c3739ce50825",
            "c87f0898-c942-4034-9636-3922fcae31b0",
            "27da7c3c-2695-4804-885c-de6572b75a3e",
            "5c43ea6d-57f1-4531-bd0e-357038d026e1",
            "20eeacd6-7884-4fca-9c3d-a5f8b1461688",
            "a81bfd21-a399-411f-bfd3-fbc51ddc386f",
            "4d86ddc6-2d16-4f38-a922-8d197de1f93e",
            "9734713b-ab12-4189-8618-7952f2872f91",
            "3aced1eb-83fc-4ce1-9cab-a2bbc4047e42",
            "ce7a2e80-621a-4673-be27-336aa21efdea",
            "dc09a5b8-9e73-43fd-9306-37bde9f45b67",
            "87e4e728-576e-4606-bcbc-8677ea3c20a0",
            "a7ed0313-abea-42c8-a950-45c18b138f9a",
            "9c3dfa26-35fa-4766-bf04-fc1756009010"
          ],
          "failures": [],
          "pending": [],
          "skipped": [],
          "duration": 5375,
          "root": false,
          "rootEmpty": false,
          "_timeout": 2000
        }
      ],
      "passes": [],
      "failures": [],
      "pending": [],
      "skipped": [],
      "duration": 0,
      "root": true,
      "rootEmpty": true,
      "_timeout": 2000
    }
  ],
  "meta": {
    "mocha": {
      "version": "7.2.0"
    },
    "mochawesome": {
      "options": {
        "quiet": false,
        "reportFilename": "[name]-report",
        "saveHtml": false,
        "saveJson": true,
        "consoleReporter": "spec",
        "useInlineDiffs": false,
        "code": true
      },
      "version": "7.1.4"
    },
    "marge": {
      "options": {
        "reportDir": "cypress/reports",
        "reportFilename": "[name]-report",
        "overwrite": false,
        "html": false,
        "json": true,
        "charts": true,
        "embeddedScreenshots": true,
        "inlineAssets": true,
        "saveAllAttempts": false,
        "timestamp": "ddmmyyyy_HHMMss"
      },
      "version": "6.3.2"
    }
  }
}