{
  "stats": {
    "suites": 5,
    "tests": 56,
    "passes": 56,
    "pending": 0,
    "failures": 0,
    "testsRegistered": 56,
    "passPercent": 100,
    "pendingPercent": 0,
    "other": 0,
    "hasOther": false,
    "skipped": 0,
    "hasSkipped": false,
    "start": "2026-03-09T12:50:37.487Z",
    "end": "2026-03-09T12:54:02.601Z",
    "duration": 205114
  },
  "results": [
    {
      "uuid": "50eb657b-f32c-44ad-ae28-9cc6c66d4e2b",
      "title": "",
      "fullFile": "cypress\\e2e\\cadastro-curso.cy.js",
      "file": "cypress\\e2e\\cadastro-curso.cy.js",
      "beforeHooks": [],
      "afterHooks": [],
      "tests": [],
      "suites": [
        {
          "uuid": "620a50d0-12dd-4cd9-909d-7dab240ae302",
          "title": "Testes de Cadastro de Cursos",
          "fullFile": "",
          "file": "",
          "beforeHooks": [],
          "afterHooks": [],
          "tests": [],
          "suites": [
            {
              "uuid": "b492ea1f-707d-4c60-8ad9-2995a7222125",
              "title": "✅ CTs POSITIVOS",
              "fullFile": "",
              "file": "",
              "beforeHooks": [],
              "afterHooks": [],
              "tests": [
                {
                  "title": "CT001 - Cadastro com todos os campos preenchidos",
                  "fullTitle": "Testes de Cadastro de Cursos ✅ CTs POSITIVOS CT001 - Cadastro com todos os campos preenchidos",
                  "timedOut": null,
                  "duration": 6527,
                  "state": "passed",
                  "speed": "medium",
                  "pass": true,
                  "fail": false,
                  "pending": false,
                  "context": null,
                  "code": "_cadastroPage.default.getCampoNome().type('Cypress Básico');\n_cadastroPage.default.getCampoDescricao().type('Curso introdutório de Cypress');\n_cadastroPage.default.getCampoInstrutor().type('João Silva');\n_cadastroPage.default.getCampoUrlImagem().type('https://exemplo.com/img.jpg');\n_cadastroPage.default.getCampoDataInicio().type('2026-03-01');\n_cadastroPage.default.getCampoDataFim().type('2026-03-30');\n_cadastroPage.default.getCampoNumeroVagas().type('20');\n_cadastroPage.default.selecionarTipoCurso('Online');\n_cadastroPage.default.clicarCadastrar();\n// ✅ VERIFICAÇÕES PARA TESTES POSITIVOS\ncy.url().should('include', '/'); // Verifica redirecionamento\ncy.contains('h4', 'Lista de cursos', {\n  timeout: 10000\n}).should('be.visible'); // Verifica listagem\ncy.contains('Cypress Básico', {\n  timeout: 10000\n}).should('be.visible'); // Verifica se o curso apareceu\ncy.log('✅ CT001 executado com sucesso');",
                  "err": {},
                  "uuid": "c74c0b06-3fc5-469d-8a8d-3ae90d61ca3b",
                  "parentUUID": "b492ea1f-707d-4c60-8ad9-2995a7222125",
                  "isHook": false,
                  "skipped": false
                },
                {
                  "title": "CT002 - Cadastro com datas iguais",
                  "fullTitle": "Testes de Cadastro de Cursos ✅ CTs POSITIVOS CT002 - Cadastro com datas iguais",
                  "timedOut": null,
                  "duration": 3693,
                  "state": "passed",
                  "speed": "fast",
                  "pass": true,
                  "fail": false,
                  "pending": false,
                  "context": null,
                  "code": "_cadastroPage.default.getCampoNome().type('Workshop 1 dia');\n_cadastroPage.default.getCampoDescricao().type('Curso rápido');\n_cadastroPage.default.getCampoInstrutor().type('Maria Santos');\n_cadastroPage.default.getCampoUrlImagem().type('https://exemplo.com/img.jpg');\n_cadastroPage.default.getCampoDataInicio().type('2026-03-15');\n_cadastroPage.default.getCampoDataFim().type('2026-03-15');\n_cadastroPage.default.getCampoNumeroVagas().type('10');\n_cadastroPage.default.selecionarTipoCurso('Online');\n_cadastroPage.default.clicarCadastrar();\ncy.url().should('include', '/');\ncy.contains('h4', 'Lista de cursos').should('be.visible');\ncy.contains('Workshop 1 dia', {\n  timeout: 10000\n}).should('be.visible');\ncy.log('✅ CT002 executado com sucesso');",
                  "err": {},
                  "uuid": "9080cbae-7c82-4635-b27b-3fa9acb4c3f7",
                  "parentUUID": "b492ea1f-707d-4c60-8ad9-2995a7222125",
                  "isHook": false,
                  "skipped": false
                },
                {
                  "title": "CT003 - Cadastro sem URL da imagem",
                  "fullTitle": "Testes de Cadastro de Cursos ✅ CTs POSITIVOS CT003 - Cadastro sem URL da imagem",
                  "timedOut": null,
                  "duration": 3075,
                  "state": "passed",
                  "speed": "fast",
                  "pass": true,
                  "fail": false,
                  "pending": false,
                  "context": null,
                  "code": "_cadastroPage.default.getCampoNome().type('Curso sem imagem');\n_cadastroPage.default.getCampoDescricao().type('Descrição');\n_cadastroPage.default.getCampoInstrutor().type('Pedro');\n_cadastroPage.default.getCampoDataInicio().type('2026-04-01');\n_cadastroPage.default.getCampoDataFim().type('2026-04-10');\n_cadastroPage.default.getCampoNumeroVagas().type('15');\n_cadastroPage.default.selecionarTipoCurso('Presencial');\n_cadastroPage.default.clicarCadastrar();\ncy.url().should('include', '/');\ncy.contains('h4', 'Lista de cursos').should('be.visible');\ncy.contains('Curso sem imagem', {\n  timeout: 10000\n}).should('be.visible');\ncy.log('✅ CT003 executado com sucesso');",
                  "err": {},
                  "uuid": "bf82831e-3f7a-46e4-920d-343116745ead",
                  "parentUUID": "b492ea1f-707d-4c60-8ad9-2995a7222125",
                  "isHook": false,
                  "skipped": false
                }
              ],
              "suites": [],
              "passes": [
                "c74c0b06-3fc5-469d-8a8d-3ae90d61ca3b",
                "9080cbae-7c82-4635-b27b-3fa9acb4c3f7",
                "bf82831e-3f7a-46e4-920d-343116745ead"
              ],
              "failures": [],
              "pending": [],
              "skipped": [],
              "duration": 13295,
              "root": false,
              "rootEmpty": false,
              "_timeout": 2000
            },
            {
              "uuid": "2dfb6953-1dd6-48cf-a4e4-82d2aaf550b1",
              "title": "❌ CTs NEGATIVOS - Campos obrigatórios",
              "fullFile": "",
              "file": "",
              "beforeHooks": [],
              "afterHooks": [],
              "tests": [
                {
                  "title": "CT004 - Tentar cadastrar sem nome",
                  "fullTitle": "Testes de Cadastro de Cursos ❌ CTs NEGATIVOS - Campos obrigatórios CT004 - Tentar cadastrar sem nome",
                  "timedOut": null,
                  "duration": 3135,
                  "state": "passed",
                  "speed": "fast",
                  "pass": true,
                  "fail": false,
                  "pending": false,
                  "context": null,
                  "code": "_cadastroPage.default.getCampoDescricao().type('Descrição');\n_cadastroPage.default.getCampoInstrutor().type('Instrutor');\n_cadastroPage.default.getCampoUrlImagem().type('https://exemplo.com/img.jpg');\n_cadastroPage.default.getCampoDataInicio().type('2026-03-01');\n_cadastroPage.default.getCampoDataFim().type('2026-03-30');\n_cadastroPage.default.getCampoNumeroVagas().type('10');\n_cadastroPage.default.selecionarTipoCurso('Presencial');\n_cadastroPage.default.clicarCadastrar();\ncy.log('✅ CT004 executado com sucesso');",
                  "err": {},
                  "uuid": "fc6a1008-2d3c-460b-af67-90defc76d774",
                  "parentUUID": "2dfb6953-1dd6-48cf-a4e4-82d2aaf550b1",
                  "isHook": false,
                  "skipped": false
                },
                {
                  "title": "CT005 - Tentar cadastrar sem descrição",
                  "fullTitle": "Testes de Cadastro de Cursos ❌ CTs NEGATIVOS - Campos obrigatórios CT005 - Tentar cadastrar sem descrição",
                  "timedOut": null,
                  "duration": 3143,
                  "state": "passed",
                  "speed": "fast",
                  "pass": true,
                  "fail": false,
                  "pending": false,
                  "context": null,
                  "code": "_cadastroPage.default.getCampoNome().type('Curso teste');\n_cadastroPage.default.getCampoInstrutor().type('Instrutor');\n_cadastroPage.default.getCampoUrlImagem().type('https://exemplo.com/img.jpg');\n_cadastroPage.default.getCampoDataInicio().type('2026-03-01');\n_cadastroPage.default.getCampoDataFim().type('2026-03-30');\n_cadastroPage.default.getCampoNumeroVagas().type('10');\n_cadastroPage.default.selecionarTipoCurso('Presencial');\n_cadastroPage.default.clicarCadastrar();\ncy.log('✅ CT005 executado com sucesso');",
                  "err": {},
                  "uuid": "e6db6d92-45e9-4698-a015-0c3b29cd8e64",
                  "parentUUID": "2dfb6953-1dd6-48cf-a4e4-82d2aaf550b1",
                  "isHook": false,
                  "skipped": false
                },
                {
                  "title": "CT006 - Tentar cadastrar sem instrutor",
                  "fullTitle": "Testes de Cadastro de Cursos ❌ CTs NEGATIVOS - Campos obrigatórios CT006 - Tentar cadastrar sem instrutor",
                  "timedOut": null,
                  "duration": 3111,
                  "state": "passed",
                  "speed": "fast",
                  "pass": true,
                  "fail": false,
                  "pending": false,
                  "context": null,
                  "code": "_cadastroPage.default.getCampoNome().type('Curso teste');\n_cadastroPage.default.getCampoDescricao().type('Descrição');\n_cadastroPage.default.getCampoUrlImagem().type('https://exemplo.com/img.jpg');\n_cadastroPage.default.getCampoDataInicio().type('2026-03-01');\n_cadastroPage.default.getCampoDataFim().type('2026-03-30');\n_cadastroPage.default.getCampoNumeroVagas().type('10');\n_cadastroPage.default.selecionarTipoCurso('Presencial');\n_cadastroPage.default.clicarCadastrar();\ncy.log('✅ CT006 executado com sucesso');",
                  "err": {},
                  "uuid": "536badec-d700-40f3-83ce-933dcd01b4b3",
                  "parentUUID": "2dfb6953-1dd6-48cf-a4e4-82d2aaf550b1",
                  "isHook": false,
                  "skipped": false
                },
                {
                  "title": "CT007 - Tentar cadastrar sem data início",
                  "fullTitle": "Testes de Cadastro de Cursos ❌ CTs NEGATIVOS - Campos obrigatórios CT007 - Tentar cadastrar sem data início",
                  "timedOut": null,
                  "duration": 3152,
                  "state": "passed",
                  "speed": "fast",
                  "pass": true,
                  "fail": false,
                  "pending": false,
                  "context": null,
                  "code": "_cadastroPage.default.getCampoNome().type('Curso teste');\n_cadastroPage.default.getCampoDescricao().type('Descrição');\n_cadastroPage.default.getCampoInstrutor().type('Instrutor');\n_cadastroPage.default.getCampoUrlImagem().type('https://exemplo.com/img.jpg');\n_cadastroPage.default.getCampoDataFim().type('2026-03-30');\n_cadastroPage.default.getCampoNumeroVagas().type('10');\n_cadastroPage.default.selecionarTipoCurso('Presencial');\n_cadastroPage.default.clicarCadastrar();\ncy.log('✅ CT007 executado com sucesso');",
                  "err": {},
                  "uuid": "90b93d8f-8878-4214-bbb2-9f334b27c18e",
                  "parentUUID": "2dfb6953-1dd6-48cf-a4e4-82d2aaf550b1",
                  "isHook": false,
                  "skipped": false
                },
                {
                  "title": "CT008 - Tentar cadastrar sem data fim",
                  "fullTitle": "Testes de Cadastro de Cursos ❌ CTs NEGATIVOS - Campos obrigatórios CT008 - Tentar cadastrar sem data fim",
                  "timedOut": null,
                  "duration": 3136,
                  "state": "passed",
                  "speed": "fast",
                  "pass": true,
                  "fail": false,
                  "pending": false,
                  "context": null,
                  "code": "_cadastroPage.default.getCampoNome().type('Curso teste');\n_cadastroPage.default.getCampoDescricao().type('Descrição');\n_cadastroPage.default.getCampoInstrutor().type('Instrutor');\n_cadastroPage.default.getCampoUrlImagem().type('https://exemplo.com/img.jpg');\n_cadastroPage.default.getCampoDataInicio().type('2026-03-01');\n_cadastroPage.default.getCampoNumeroVagas().type('10');\n_cadastroPage.default.selecionarTipoCurso('Presencial');\n_cadastroPage.default.clicarCadastrar();\ncy.log('✅ CT008 executado com sucesso');",
                  "err": {},
                  "uuid": "4d5b5ed1-126b-4fa2-9fd0-d79c6f68e237",
                  "parentUUID": "2dfb6953-1dd6-48cf-a4e4-82d2aaf550b1",
                  "isHook": false,
                  "skipped": false
                },
                {
                  "title": "CT009 - Tentar cadastrar sem número de vagas",
                  "fullTitle": "Testes de Cadastro de Cursos ❌ CTs NEGATIVOS - Campos obrigatórios CT009 - Tentar cadastrar sem número de vagas",
                  "timedOut": null,
                  "duration": 3269,
                  "state": "passed",
                  "speed": "fast",
                  "pass": true,
                  "fail": false,
                  "pending": false,
                  "context": null,
                  "code": "_cadastroPage.default.getCampoNome().type('Curso teste');\n_cadastroPage.default.getCampoDescricao().type('Descrição');\n_cadastroPage.default.getCampoInstrutor().type('Instrutor');\n_cadastroPage.default.getCampoUrlImagem().type('https://exemplo.com/img.jpg');\n_cadastroPage.default.getCampoDataInicio().type('2026-03-01');\n_cadastroPage.default.getCampoDataFim().type('2026-03-30');\n_cadastroPage.default.selecionarTipoCurso('Presencial');\n_cadastroPage.default.clicarCadastrar();\ncy.log('✅ CT009 executado com sucesso');",
                  "err": {},
                  "uuid": "232ec870-5097-4b6c-b2ec-a350a4f35623",
                  "parentUUID": "2dfb6953-1dd6-48cf-a4e4-82d2aaf550b1",
                  "isHook": false,
                  "skipped": false
                },
                {
                  "title": "CT010 - Tentar cadastrar sem tipo de curso",
                  "fullTitle": "Testes de Cadastro de Cursos ❌ CTs NEGATIVOS - Campos obrigatórios CT010 - Tentar cadastrar sem tipo de curso",
                  "timedOut": null,
                  "duration": 3192,
                  "state": "passed",
                  "speed": "fast",
                  "pass": true,
                  "fail": false,
                  "pending": false,
                  "context": null,
                  "code": "_cadastroPage.default.getCampoNome().type('Curso teste');\n_cadastroPage.default.getCampoDescricao().type('Descrição');\n_cadastroPage.default.getCampoInstrutor().type('Instrutor');\n_cadastroPage.default.getCampoUrlImagem().type('https://exemplo.com/img.jpg');\n_cadastroPage.default.getCampoDataInicio().type('2026-03-01');\n_cadastroPage.default.getCampoDataFim().type('2026-03-30');\n_cadastroPage.default.getCampoNumeroVagas().type('10');\n_cadastroPage.default.clicarCadastrar();\ncy.log('✅ CT010 executado com sucesso');",
                  "err": {},
                  "uuid": "0d268a60-bb42-474b-bcb1-9cae0839eeed",
                  "parentUUID": "2dfb6953-1dd6-48cf-a4e4-82d2aaf550b1",
                  "isHook": false,
                  "skipped": false
                }
              ],
              "suites": [],
              "passes": [
                "fc6a1008-2d3c-460b-af67-90defc76d774",
                "e6db6d92-45e9-4698-a015-0c3b29cd8e64",
                "536badec-d700-40f3-83ce-933dcd01b4b3",
                "90b93d8f-8878-4214-bbb2-9f334b27c18e",
                "4d5b5ed1-126b-4fa2-9fd0-d79c6f68e237",
                "232ec870-5097-4b6c-b2ec-a350a4f35623",
                "0d268a60-bb42-474b-bcb1-9cae0839eeed"
              ],
              "failures": [],
              "pending": [],
              "skipped": [],
              "duration": 22138,
              "root": false,
              "rootEmpty": false,
              "_timeout": 2000
            },
            {
              "uuid": "aaf4cb20-8f58-4d34-ab35-20bedb5b9c06",
              "title": "🔍 CTs de Validação",
              "fullFile": "",
              "file": "",
              "beforeHooks": [],
              "afterHooks": [],
              "tests": [
                {
                  "title": "CT011 - Data início maior que data fim",
                  "fullTitle": "Testes de Cadastro de Cursos 🔍 CTs de Validação CT011 - Data início maior que data fim",
                  "timedOut": null,
                  "duration": 3458,
                  "state": "passed",
                  "speed": "fast",
                  "pass": true,
                  "fail": false,
                  "pending": false,
                  "context": null,
                  "code": "_cadastroPage.default.getCampoNome().type('Datas inválidas');\n_cadastroPage.default.getCampoDescricao().type('Descrição');\n_cadastroPage.default.getCampoInstrutor().type('Instrutor');\n_cadastroPage.default.getCampoUrlImagem().type('https://exemplo.com/img.jpg');\n_cadastroPage.default.getCampoDataInicio().type('2026-03-30');\n_cadastroPage.default.getCampoDataFim().type('2026-03-01');\n_cadastroPage.default.getCampoNumeroVagas().type('10');\n_cadastroPage.default.selecionarTipoCurso('Presencial');\n_cadastroPage.default.clicarCadastrar();\ncy.log('✅ CT011 executado com sucesso');",
                  "err": {},
                  "uuid": "0f988091-4a47-4429-94d5-beb0898f5f3b",
                  "parentUUID": "aaf4cb20-8f58-4d34-ab35-20bedb5b9c06",
                  "isHook": false,
                  "skipped": false
                },
                {
                  "title": "CT012 - Campo vagas não aceita letras",
                  "fullTitle": "Testes de Cadastro de Cursos 🔍 CTs de Validação CT012 - Campo vagas não aceita letras",
                  "timedOut": null,
                  "duration": 1484,
                  "state": "passed",
                  "speed": "fast",
                  "pass": true,
                  "fail": false,
                  "pending": false,
                  "context": null,
                  "code": "_cadastroPage.default.getCampoNumeroVagas().type('abc');\n_cadastroPage.default.getCampoNumeroVagas().should('have.value', '');\ncy.log('✅ CT012 executado com sucesso');",
                  "err": {},
                  "uuid": "919e9c41-c08f-4e97-a1af-fa09d1c66e95",
                  "parentUUID": "aaf4cb20-8f58-4d34-ab35-20bedb5b9c06",
                  "isHook": false,
                  "skipped": false
                },
                {
                  "title": "CT013 - Campo vagas não aceita negativos",
                  "fullTitle": "Testes de Cadastro de Cursos 🔍 CTs de Validação CT013 - Campo vagas não aceita negativos",
                  "timedOut": null,
                  "duration": 1533,
                  "state": "passed",
                  "speed": "fast",
                  "pass": true,
                  "fail": false,
                  "pending": false,
                  "context": null,
                  "code": "_cadastroPage.default.getCampoNumeroVagas().clear();\n_cadastroPage.default.getCampoNumeroVagas().type('-5');\n_cadastroPage.default.getCampoNumeroVagas().invoke('val').then(val => {\n  if (val === '-5') {\n    cy.log('⚠️ ATENÇÃO: Campo aceitou valor negativo!');\n  } else {\n    cy.log('✅ Campo não aceitou negativo');\n  }\n});\ncy.log('✅ CT013 executado com sucesso');",
                  "err": {},
                  "uuid": "98d98f86-18cd-4272-8096-55a363ed51b7",
                  "parentUUID": "aaf4cb20-8f58-4d34-ab35-20bedb5b9c06",
                  "isHook": false,
                  "skipped": false
                }
              ],
              "suites": [],
              "passes": [
                "0f988091-4a47-4429-94d5-beb0898f5f3b",
                "919e9c41-c08f-4e97-a1af-fa09d1c66e95",
                "98d98f86-18cd-4272-8096-55a363ed51b7"
              ],
              "failures": [],
              "pending": [],
              "skipped": [],
              "duration": 6475,
              "root": false,
              "rootEmpty": false,
              "_timeout": 2000
            },
            {
              "uuid": "c7cb82cd-4677-45bf-9417-ea0fbea6631c",
              "title": "🧭 CTs de Navegação",
              "fullFile": "",
              "file": "",
              "beforeHooks": [],
              "afterHooks": [],
              "tests": [
                {
                  "title": "CT014 - Clicar em Listar cursos volta para página inicial",
                  "fullTitle": "Testes de Cadastro de Cursos 🧭 CTs de Navegação CT014 - Clicar em Listar cursos volta para página inicial",
                  "timedOut": null,
                  "duration": 1357,
                  "state": "passed",
                  "speed": "fast",
                  "pass": true,
                  "fail": false,
                  "pending": false,
                  "context": null,
                  "code": "_cadastroPage.default.clicarListarCursos();\ncy.url().should('eq', Cypress.config().baseUrl + '/');\ncy.contains('h4', 'Lista de cursos').should('be.visible');\ncy.log('✅ CT014 executado com sucesso');",
                  "err": {},
                  "uuid": "9778807c-8cb5-4766-86e5-a3bd8f4489c8",
                  "parentUUID": "c7cb82cd-4677-45bf-9417-ea0fbea6631c",
                  "isHook": false,
                  "skipped": false
                }
              ],
              "suites": [],
              "passes": [
                "9778807c-8cb5-4766-86e5-a3bd8f4489c8"
              ],
              "failures": [],
              "pending": [],
              "skipped": [],
              "duration": 1357,
              "root": false,
              "rootEmpty": false,
              "_timeout": 2000
            }
          ],
          "passes": [],
          "failures": [],
          "pending": [],
          "skipped": [],
          "duration": 0,
          "root": false,
          "rootEmpty": false,
          "_timeout": 2000
        }
      ],
      "passes": [],
      "failures": [],
      "pending": [],
      "skipped": [],
      "duration": 0,
      "root": true,
      "rootEmpty": true,
      "_timeout": 2000
    },
    {
      "uuid": "5a4975cb-3587-4f70-8c92-2567e0f8eb8c",
      "title": "",
      "fullFile": "cypress\\e2e\\cadastro-curso.cy.js",
      "file": "cypress\\e2e\\cadastro-curso.cy.js",
      "beforeHooks": [],
      "afterHooks": [],
      "tests": [],
      "suites": [
        {
          "uuid": "93e840fd-1a7b-4b08-9226-5391b3d2de5d",
          "title": "Testes de Cadastro de Cursos",
          "fullFile": "",
          "file": "",
          "beforeHooks": [],
          "afterHooks": [],
          "tests": [],
          "suites": [
            {
              "uuid": "9c7b67e0-95b3-4537-bd96-6b884f93bdcc",
              "title": "✅ CTs POSITIVOS",
              "fullFile": "",
              "file": "",
              "beforeHooks": [],
              "afterHooks": [],
              "tests": [
                {
                  "title": "CT001 - Cadastro com todos os campos preenchidos",
                  "fullTitle": "Testes de Cadastro de Cursos ✅ CTs POSITIVOS CT001 - Cadastro com todos os campos preenchidos",
                  "timedOut": null,
                  "duration": 6127,
                  "state": "passed",
                  "speed": "medium",
                  "pass": true,
                  "fail": false,
                  "pending": false,
                  "context": null,
                  "code": "_cadastroPage.default.getCampoNome().type('Cypress Básico');\n_cadastroPage.default.getCampoDescricao().type('Curso introdutório de Cypress');\n_cadastroPage.default.getCampoInstrutor().type('João Silva');\n_cadastroPage.default.getCampoUrlImagem().type('https://exemplo.com/img.jpg');\n_cadastroPage.default.getCampoDataInicio().type('2026-03-01');\n_cadastroPage.default.getCampoDataFim().type('2026-03-30');\n_cadastroPage.default.getCampoNumeroVagas().type('20');\n_cadastroPage.default.selecionarTipoCurso('Online');\n_cadastroPage.default.clicarCadastrar();\n// ✅ VERIFICAÇÕES PARA TESTES POSITIVOS\ncy.url().should('include', '/'); // Verifica redirecionamento\ncy.contains('h4', 'Lista de cursos', {\n  timeout: 10000\n}).should('be.visible'); // Verifica listagem\ncy.contains('Cypress Básico', {\n  timeout: 10000\n}).should('be.visible'); // Verifica se o curso apareceu\ncy.log('✅ CT001 executado com sucesso');",
                  "err": {},
                  "uuid": "d4067b7e-d609-4021-b9c6-868d2f572802",
                  "parentUUID": "9c7b67e0-95b3-4537-bd96-6b884f93bdcc",
                  "isHook": false,
                  "skipped": false
                },
                {
                  "title": "CT002 - Cadastro com datas iguais",
                  "fullTitle": "Testes de Cadastro de Cursos ✅ CTs POSITIVOS CT002 - Cadastro com datas iguais",
                  "timedOut": null,
                  "duration": 3531,
                  "state": "passed",
                  "speed": "fast",
                  "pass": true,
                  "fail": false,
                  "pending": false,
                  "context": null,
                  "code": "_cadastroPage.default.getCampoNome().type('Workshop 1 dia');\n_cadastroPage.default.getCampoDescricao().type('Curso rápido');\n_cadastroPage.default.getCampoInstrutor().type('Maria Santos');\n_cadastroPage.default.getCampoUrlImagem().type('https://exemplo.com/img.jpg');\n_cadastroPage.default.getCampoDataInicio().type('2026-03-15');\n_cadastroPage.default.getCampoDataFim().type('2026-03-15');\n_cadastroPage.default.getCampoNumeroVagas().type('10');\n_cadastroPage.default.selecionarTipoCurso('Online');\n_cadastroPage.default.clicarCadastrar();\ncy.url().should('include', '/');\ncy.contains('h4', 'Lista de cursos').should('be.visible');\ncy.contains('Workshop 1 dia', {\n  timeout: 10000\n}).should('be.visible');\ncy.log('✅ CT002 executado com sucesso');",
                  "err": {},
                  "uuid": "9c02282e-849c-4841-821b-b6b7c662517f",
                  "parentUUID": "9c7b67e0-95b3-4537-bd96-6b884f93bdcc",
                  "isHook": false,
                  "skipped": false
                },
                {
                  "title": "CT003 - Cadastro sem URL da imagem",
                  "fullTitle": "Testes de Cadastro de Cursos ✅ CTs POSITIVOS CT003 - Cadastro sem URL da imagem",
                  "timedOut": null,
                  "duration": 2974,
                  "state": "passed",
                  "speed": "fast",
                  "pass": true,
                  "fail": false,
                  "pending": false,
                  "context": null,
                  "code": "_cadastroPage.default.getCampoNome().type('Curso sem imagem');\n_cadastroPage.default.getCampoDescricao().type('Descrição');\n_cadastroPage.default.getCampoInstrutor().type('Pedro');\n_cadastroPage.default.getCampoDataInicio().type('2026-04-01');\n_cadastroPage.default.getCampoDataFim().type('2026-04-10');\n_cadastroPage.default.getCampoNumeroVagas().type('15');\n_cadastroPage.default.selecionarTipoCurso('Presencial');\n_cadastroPage.default.clicarCadastrar();\ncy.url().should('include', '/');\ncy.contains('h4', 'Lista de cursos').should('be.visible');\ncy.contains('Curso sem imagem', {\n  timeout: 10000\n}).should('be.visible');\ncy.log('✅ CT003 executado com sucesso');",
                  "err": {},
                  "uuid": "0a71ee5f-1174-4c3b-b5cc-eb3914df5a7f",
                  "parentUUID": "9c7b67e0-95b3-4537-bd96-6b884f93bdcc",
                  "isHook": false,
                  "skipped": false
                }
              ],
              "suites": [],
              "passes": [
                "d4067b7e-d609-4021-b9c6-868d2f572802",
                "9c02282e-849c-4841-821b-b6b7c662517f",
                "0a71ee5f-1174-4c3b-b5cc-eb3914df5a7f"
              ],
              "failures": [],
              "pending": [],
              "skipped": [],
              "duration": 12632,
              "root": false,
              "rootEmpty": false,
              "_timeout": 2000
            },
            {
              "uuid": "11e25506-11e1-431e-8daf-2d82a46b7f59",
              "title": "❌ CTs NEGATIVOS - Campos obrigatórios",
              "fullFile": "",
              "file": "",
              "beforeHooks": [],
              "afterHooks": [],
              "tests": [
                {
                  "title": "CT004 - Tentar cadastrar sem nome",
                  "fullTitle": "Testes de Cadastro de Cursos ❌ CTs NEGATIVOS - Campos obrigatórios CT004 - Tentar cadastrar sem nome",
                  "timedOut": null,
                  "duration": 3208,
                  "state": "passed",
                  "speed": "fast",
                  "pass": true,
                  "fail": false,
                  "pending": false,
                  "context": null,
                  "code": "_cadastroPage.default.getCampoDescricao().type('Descrição');\n_cadastroPage.default.getCampoInstrutor().type('Instrutor');\n_cadastroPage.default.getCampoUrlImagem().type('https://exemplo.com/img.jpg');\n_cadastroPage.default.getCampoDataInicio().type('2026-03-01');\n_cadastroPage.default.getCampoDataFim().type('2026-03-30');\n_cadastroPage.default.getCampoNumeroVagas().type('10');\n_cadastroPage.default.selecionarTipoCurso('Presencial');\n_cadastroPage.default.clicarCadastrar();\ncy.log('✅ CT004 executado com sucesso');",
                  "err": {},
                  "uuid": "7adc610c-29cb-4386-8147-bf44ea8a7459",
                  "parentUUID": "11e25506-11e1-431e-8daf-2d82a46b7f59",
                  "isHook": false,
                  "skipped": false
                },
                {
                  "title": "CT005 - Tentar cadastrar sem descrição",
                  "fullTitle": "Testes de Cadastro de Cursos ❌ CTs NEGATIVOS - Campos obrigatórios CT005 - Tentar cadastrar sem descrição",
                  "timedOut": null,
                  "duration": 3185,
                  "state": "passed",
                  "speed": "fast",
                  "pass": true,
                  "fail": false,
                  "pending": false,
                  "context": null,
                  "code": "_cadastroPage.default.getCampoNome().type('Curso teste');\n_cadastroPage.default.getCampoInstrutor().type('Instrutor');\n_cadastroPage.default.getCampoUrlImagem().type('https://exemplo.com/img.jpg');\n_cadastroPage.default.getCampoDataInicio().type('2026-03-01');\n_cadastroPage.default.getCampoDataFim().type('2026-03-30');\n_cadastroPage.default.getCampoNumeroVagas().type('10');\n_cadastroPage.default.selecionarTipoCurso('Presencial');\n_cadastroPage.default.clicarCadastrar();\ncy.log('✅ CT005 executado com sucesso');",
                  "err": {},
                  "uuid": "a868001e-824b-4181-812a-759bb7ea15e5",
                  "parentUUID": "11e25506-11e1-431e-8daf-2d82a46b7f59",
                  "isHook": false,
                  "skipped": false
                },
                {
                  "title": "CT006 - Tentar cadastrar sem instrutor",
                  "fullTitle": "Testes de Cadastro de Cursos ❌ CTs NEGATIVOS - Campos obrigatórios CT006 - Tentar cadastrar sem instrutor",
                  "timedOut": null,
                  "duration": 3194,
                  "state": "passed",
                  "speed": "fast",
                  "pass": true,
                  "fail": false,
                  "pending": false,
                  "context": null,
                  "code": "_cadastroPage.default.getCampoNome().type('Curso teste');\n_cadastroPage.default.getCampoDescricao().type('Descrição');\n_cadastroPage.default.getCampoUrlImagem().type('https://exemplo.com/img.jpg');\n_cadastroPage.default.getCampoDataInicio().type('2026-03-01');\n_cadastroPage.default.getCampoDataFim().type('2026-03-30');\n_cadastroPage.default.getCampoNumeroVagas().type('10');\n_cadastroPage.default.selecionarTipoCurso('Presencial');\n_cadastroPage.default.clicarCadastrar();\ncy.log('✅ CT006 executado com sucesso');",
                  "err": {},
                  "uuid": "63b005e4-f2b2-4dbd-9769-2b836cb7329b",
                  "parentUUID": "11e25506-11e1-431e-8daf-2d82a46b7f59",
                  "isHook": false,
                  "skipped": false
                },
                {
                  "title": "CT007 - Tentar cadastrar sem data início",
                  "fullTitle": "Testes de Cadastro de Cursos ❌ CTs NEGATIVOS - Campos obrigatórios CT007 - Tentar cadastrar sem data início",
                  "timedOut": null,
                  "duration": 3225,
                  "state": "passed",
                  "speed": "fast",
                  "pass": true,
                  "fail": false,
                  "pending": false,
                  "context": null,
                  "code": "_cadastroPage.default.getCampoNome().type('Curso teste');\n_cadastroPage.default.getCampoDescricao().type('Descrição');\n_cadastroPage.default.getCampoInstrutor().type('Instrutor');\n_cadastroPage.default.getCampoUrlImagem().type('https://exemplo.com/img.jpg');\n_cadastroPage.default.getCampoDataFim().type('2026-03-30');\n_cadastroPage.default.getCampoNumeroVagas().type('10');\n_cadastroPage.default.selecionarTipoCurso('Presencial');\n_cadastroPage.default.clicarCadastrar();\ncy.log('✅ CT007 executado com sucesso');",
                  "err": {},
                  "uuid": "940f1fda-d1ae-44bc-b786-5116c057584d",
                  "parentUUID": "11e25506-11e1-431e-8daf-2d82a46b7f59",
                  "isHook": false,
                  "skipped": false
                },
                {
                  "title": "CT008 - Tentar cadastrar sem data fim",
                  "fullTitle": "Testes de Cadastro de Cursos ❌ CTs NEGATIVOS - Campos obrigatórios CT008 - Tentar cadastrar sem data fim",
                  "timedOut": null,
                  "duration": 3165,
                  "state": "passed",
                  "speed": "fast",
                  "pass": true,
                  "fail": false,
                  "pending": false,
                  "context": null,
                  "code": "_cadastroPage.default.getCampoNome().type('Curso teste');\n_cadastroPage.default.getCampoDescricao().type('Descrição');\n_cadastroPage.default.getCampoInstrutor().type('Instrutor');\n_cadastroPage.default.getCampoUrlImagem().type('https://exemplo.com/img.jpg');\n_cadastroPage.default.getCampoDataInicio().type('2026-03-01');\n_cadastroPage.default.getCampoNumeroVagas().type('10');\n_cadastroPage.default.selecionarTipoCurso('Presencial');\n_cadastroPage.default.clicarCadastrar();\ncy.log('✅ CT008 executado com sucesso');",
                  "err": {},
                  "uuid": "0e83c90f-63e9-4959-8e17-adb726d15aa1",
                  "parentUUID": "11e25506-11e1-431e-8daf-2d82a46b7f59",
                  "isHook": false,
                  "skipped": false
                },
                {
                  "title": "CT009 - Tentar cadastrar sem número de vagas",
                  "fullTitle": "Testes de Cadastro de Cursos ❌ CTs NEGATIVOS - Campos obrigatórios CT009 - Tentar cadastrar sem número de vagas",
                  "timedOut": null,
                  "duration": 3304,
                  "state": "passed",
                  "speed": "fast",
                  "pass": true,
                  "fail": false,
                  "pending": false,
                  "context": null,
                  "code": "_cadastroPage.default.getCampoNome().type('Curso teste');\n_cadastroPage.default.getCampoDescricao().type('Descrição');\n_cadastroPage.default.getCampoInstrutor().type('Instrutor');\n_cadastroPage.default.getCampoUrlImagem().type('https://exemplo.com/img.jpg');\n_cadastroPage.default.getCampoDataInicio().type('2026-03-01');\n_cadastroPage.default.getCampoDataFim().type('2026-03-30');\n_cadastroPage.default.selecionarTipoCurso('Presencial');\n_cadastroPage.default.clicarCadastrar();\ncy.log('✅ CT009 executado com sucesso');",
                  "err": {},
                  "uuid": "0c992fb0-db6e-4126-8888-8f99fd51c832",
                  "parentUUID": "11e25506-11e1-431e-8daf-2d82a46b7f59",
                  "isHook": false,
                  "skipped": false
                },
                {
                  "title": "CT010 - Tentar cadastrar sem tipo de curso",
                  "fullTitle": "Testes de Cadastro de Cursos ❌ CTs NEGATIVOS - Campos obrigatórios CT010 - Tentar cadastrar sem tipo de curso",
                  "timedOut": null,
                  "duration": 3240,
                  "state": "passed",
                  "speed": "fast",
                  "pass": true,
                  "fail": false,
                  "pending": false,
                  "context": null,
                  "code": "_cadastroPage.default.getCampoNome().type('Curso teste');\n_cadastroPage.default.getCampoDescricao().type('Descrição');\n_cadastroPage.default.getCampoInstrutor().type('Instrutor');\n_cadastroPage.default.getCampoUrlImagem().type('https://exemplo.com/img.jpg');\n_cadastroPage.default.getCampoDataInicio().type('2026-03-01');\n_cadastroPage.default.getCampoDataFim().type('2026-03-30');\n_cadastroPage.default.getCampoNumeroVagas().type('10');\n_cadastroPage.default.clicarCadastrar();\ncy.log('✅ CT010 executado com sucesso');",
                  "err": {},
                  "uuid": "d6569f8a-b6ef-4420-9156-03f1dac7f619",
                  "parentUUID": "11e25506-11e1-431e-8daf-2d82a46b7f59",
                  "isHook": false,
                  "skipped": false
                }
              ],
              "suites": [],
              "passes": [
                "7adc610c-29cb-4386-8147-bf44ea8a7459",
                "a868001e-824b-4181-812a-759bb7ea15e5",
                "63b005e4-f2b2-4dbd-9769-2b836cb7329b",
                "940f1fda-d1ae-44bc-b786-5116c057584d",
                "0e83c90f-63e9-4959-8e17-adb726d15aa1",
                "0c992fb0-db6e-4126-8888-8f99fd51c832",
                "d6569f8a-b6ef-4420-9156-03f1dac7f619"
              ],
              "failures": [],
              "pending": [],
              "skipped": [],
              "duration": 22521,
              "root": false,
              "rootEmpty": false,
              "_timeout": 2000
            },
            {
              "uuid": "a2293d25-1d06-4e52-8dba-24aafc8d9670",
              "title": "🔍 CTs de Validação",
              "fullFile": "",
              "file": "",
              "beforeHooks": [],
              "afterHooks": [],
              "tests": [
                {
                  "title": "CT011 - Data início maior que data fim",
                  "fullTitle": "Testes de Cadastro de Cursos 🔍 CTs de Validação CT011 - Data início maior que data fim",
                  "timedOut": null,
                  "duration": 3553,
                  "state": "passed",
                  "speed": "fast",
                  "pass": true,
                  "fail": false,
                  "pending": false,
                  "context": null,
                  "code": "_cadastroPage.default.getCampoNome().type('Datas inválidas');\n_cadastroPage.default.getCampoDescricao().type('Descrição');\n_cadastroPage.default.getCampoInstrutor().type('Instrutor');\n_cadastroPage.default.getCampoUrlImagem().type('https://exemplo.com/img.jpg');\n_cadastroPage.default.getCampoDataInicio().type('2026-03-30');\n_cadastroPage.default.getCampoDataFim().type('2026-03-01');\n_cadastroPage.default.getCampoNumeroVagas().type('10');\n_cadastroPage.default.selecionarTipoCurso('Presencial');\n_cadastroPage.default.clicarCadastrar();\ncy.log('✅ CT011 executado com sucesso');",
                  "err": {},
                  "uuid": "d99c3e1d-177c-4fd5-8faf-66db224e0091",
                  "parentUUID": "a2293d25-1d06-4e52-8dba-24aafc8d9670",
                  "isHook": false,
                  "skipped": false
                },
                {
                  "title": "CT012 - Campo vagas não aceita letras",
                  "fullTitle": "Testes de Cadastro de Cursos 🔍 CTs de Validação CT012 - Campo vagas não aceita letras",
                  "timedOut": null,
                  "duration": 1450,
                  "state": "passed",
                  "speed": "fast",
                  "pass": true,
                  "fail": false,
                  "pending": false,
                  "context": null,
                  "code": "_cadastroPage.default.getCampoNumeroVagas().type('abc');\n_cadastroPage.default.getCampoNumeroVagas().should('have.value', '');\ncy.log('✅ CT012 executado com sucesso');",
                  "err": {},
                  "uuid": "b5860a94-019c-4486-b86e-01eb9b39ddca",
                  "parentUUID": "a2293d25-1d06-4e52-8dba-24aafc8d9670",
                  "isHook": false,
                  "skipped": false
                },
                {
                  "title": "CT013 - Campo vagas não aceita negativos",
                  "fullTitle": "Testes de Cadastro de Cursos 🔍 CTs de Validação CT013 - Campo vagas não aceita negativos",
                  "timedOut": null,
                  "duration": 2303,
                  "state": "passed",
                  "speed": "fast",
                  "pass": true,
                  "fail": false,
                  "pending": false,
                  "context": null,
                  "code": "_cadastroPage.default.getCampoNumeroVagas().clear();\n_cadastroPage.default.getCampoNumeroVagas().type('-5');\n_cadastroPage.default.getCampoNumeroVagas().invoke('val').then(val => {\n  if (val === '-5') {\n    cy.log('⚠️ ATENÇÃO: Campo aceitou valor negativo!');\n  } else {\n    cy.log('✅ Campo não aceitou negativo');\n  }\n});\ncy.log('✅ CT013 executado com sucesso');",
                  "err": {},
                  "uuid": "4186aa61-af31-4175-b8da-fb3216191641",
                  "parentUUID": "a2293d25-1d06-4e52-8dba-24aafc8d9670",
                  "isHook": false,
                  "skipped": false
                }
              ],
              "suites": [],
              "passes": [
                "d99c3e1d-177c-4fd5-8faf-66db224e0091",
                "b5860a94-019c-4486-b86e-01eb9b39ddca",
                "4186aa61-af31-4175-b8da-fb3216191641"
              ],
              "failures": [],
              "pending": [],
              "skipped": [],
              "duration": 7306,
              "root": false,
              "rootEmpty": false,
              "_timeout": 2000
            },
            {
              "uuid": "aababed0-35ae-4ac2-8f54-25a7ebda1978",
              "title": "🧭 CTs de Navegação",
              "fullFile": "",
              "file": "",
              "beforeHooks": [],
              "afterHooks": [],
              "tests": [
                {
                  "title": "CT014 - Clicar em Listar cursos volta para página inicial",
                  "fullTitle": "Testes de Cadastro de Cursos 🧭 CTs de Navegação CT014 - Clicar em Listar cursos volta para página inicial",
                  "timedOut": null,
                  "duration": 1845,
                  "state": "passed",
                  "speed": "fast",
                  "pass": true,
                  "fail": false,
                  "pending": false,
                  "context": null,
                  "code": "_cadastroPage.default.clicarListarCursos();\ncy.url().should('eq', Cypress.config().baseUrl + '/');\ncy.contains('h4', 'Lista de cursos').should('be.visible');\ncy.log('✅ CT014 executado com sucesso');",
                  "err": {},
                  "uuid": "15e75d51-0c7c-4d50-a31e-b340afc57990",
                  "parentUUID": "aababed0-35ae-4ac2-8f54-25a7ebda1978",
                  "isHook": false,
                  "skipped": false
                }
              ],
              "suites": [],
              "passes": [
                "15e75d51-0c7c-4d50-a31e-b340afc57990"
              ],
              "failures": [],
              "pending": [],
              "skipped": [],
              "duration": 1845,
              "root": false,
              "rootEmpty": false,
              "_timeout": 2000
            }
          ],
          "passes": [],
          "failures": [],
          "pending": [],
          "skipped": [],
          "duration": 0,
          "root": false,
          "rootEmpty": false,
          "_timeout": 2000
        }
      ],
      "passes": [],
      "failures": [],
      "pending": [],
      "skipped": [],
      "duration": 0,
      "root": true,
      "rootEmpty": true,
      "_timeout": 2000
    },
    {
      "uuid": "bac112ae-befe-449b-b4d5-798cbe89ff07",
      "title": "",
      "fullFile": "cypress\\e2e\\descobrir-rota.cy.js",
      "file": "cypress\\e2e\\descobrir-rota.cy.js",
      "beforeHooks": [],
      "afterHooks": [],
      "tests": [],
      "suites": [
        {
          "uuid": "c4230971-fd72-4f8c-8894-2055c1021a87",
          "title": "Descobrir a rota correta de cadastro",
          "fullFile": "",
          "file": "",
          "beforeHooks": [],
          "afterHooks": [],
          "tests": [
            {
              "title": "Testando rota: /cadastrar",
              "fullTitle": "Descobrir a rota correta de cadastro Testando rota: /cadastrar",
              "timedOut": null,
              "duration": 276,
              "state": "passed",
              "speed": "fast",
              "pass": true,
              "fail": false,
              "pending": false,
              "context": null,
              "code": "cy.visit(`https://creative-sherbet-a51eac.netlify.app${rota}`, {\n  failOnStatusCode: false\n}).then(resp => {\n  if (resp.status === 200) {\n    cy.log(`✅ ROTA ENCONTRADA: ${rota}`);\n    cy.screenshot(`rota-encontrada-${rota.replace(/\\//g, '-')}`);\n  } else {\n    cy.log(`❌ Rota não encontrada: ${rota} (${resp.status})`);\n  }\n});",
              "err": {},
              "uuid": "c862020c-d288-4258-a413-c3739ce50825",
              "parentUUID": "c4230971-fd72-4f8c-8894-2055c1021a87",
              "isHook": false,
              "skipped": false
            },
            {
              "title": "Testando rota: /cadastro",
              "fullTitle": "Descobrir a rota correta de cadastro Testando rota: /cadastro",
              "timedOut": null,
              "duration": 256,
              "state": "passed",
              "speed": "fast",
              "pass": true,
              "fail": false,
              "pending": false,
              "context": null,
              "code": "cy.visit(`https://creative-sherbet-a51eac.netlify.app${rota}`, {\n  failOnStatusCode: false\n}).then(resp => {\n  if (resp.status === 200) {\n    cy.log(`✅ ROTA ENCONTRADA: ${rota}`);\n    cy.screenshot(`rota-encontrada-${rota.replace(/\\//g, '-')}`);\n  } else {\n    cy.log(`❌ Rota não encontrada: ${rota} (${resp.status})`);\n  }\n});",
              "err": {},
              "uuid": "c87f0898-c942-4034-9636-3922fcae31b0",
              "parentUUID": "c4230971-fd72-4f8c-8894-2055c1021a87",
              "isHook": false,
              "skipped": false
            },
            {
              "title": "Testando rota: /novo-curso",
              "fullTitle": "Descobrir a rota correta de cadastro Testando rota: /novo-curso",
              "timedOut": null,
              "duration": 257,
              "state": "passed",
              "speed": "fast",
              "pass": true,
              "fail": false,
              "pending": false,
              "context": null,
              "code": "cy.visit(`https://creative-sherbet-a51eac.netlify.app${rota}`, {\n  failOnStatusCode: false\n}).then(resp => {\n  if (resp.status === 200) {\n    cy.log(`✅ ROTA ENCONTRADA: ${rota}`);\n    cy.screenshot(`rota-encontrada-${rota.replace(/\\//g, '-')}`);\n  } else {\n    cy.log(`❌ Rota não encontrada: ${rota} (${resp.status})`);\n  }\n});",
              "err": {},
              "uuid": "27da7c3c-2695-4804-885c-de6572b75a3e",
              "parentUUID": "c4230971-fd72-4f8c-8894-2055c1021a87",
              "isHook": false,
              "skipped": false
            },
            {
              "title": "Testando rota: /novo",
              "fullTitle": "Descobrir a rota correta de cadastro Testando rota: /novo",
              "timedOut": null,
              "duration": 276,
              "state": "passed",
              "speed": "fast",
              "pass": true,
              "fail": false,
              "pending": false,
              "context": null,
              "code": "cy.visit(`https://creative-sherbet-a51eac.netlify.app${rota}`, {\n  failOnStatusCode: false\n}).then(resp => {\n  if (resp.status === 200) {\n    cy.log(`✅ ROTA ENCONTRADA: ${rota}`);\n    cy.screenshot(`rota-encontrada-${rota.replace(/\\//g, '-')}`);\n  } else {\n    cy.log(`❌ Rota não encontrada: ${rota} (${resp.status})`);\n  }\n});",
              "err": {},
              "uuid": "5c43ea6d-57f1-4531-bd0e-357038d026e1",
              "parentUUID": "c4230971-fd72-4f8c-8894-2055c1021a87",
              "isHook": false,
              "skipped": false
            },
            {
              "title": "Testando rota: /criar-curso",
              "fullTitle": "Descobrir a rota correta de cadastro Testando rota: /criar-curso",
              "timedOut": null,
              "duration": 252,
              "state": "passed",
              "speed": "fast",
              "pass": true,
              "fail": false,
              "pending": false,
              "context": null,
              "code": "cy.visit(`https://creative-sherbet-a51eac.netlify.app${rota}`, {\n  failOnStatusCode: false\n}).then(resp => {\n  if (resp.status === 200) {\n    cy.log(`✅ ROTA ENCONTRADA: ${rota}`);\n    cy.screenshot(`rota-encontrada-${rota.replace(/\\//g, '-')}`);\n  } else {\n    cy.log(`❌ Rota não encontrada: ${rota} (${resp.status})`);\n  }\n});",
              "err": {},
              "uuid": "20eeacd6-7884-4fca-9c3d-a5f8b1461688",
              "parentUUID": "c4230971-fd72-4f8c-8894-2055c1021a87",
              "isHook": false,
              "skipped": false
            },
            {
              "title": "Testando rota: /adicionar-curso",
              "fullTitle": "Descobrir a rota correta de cadastro Testando rota: /adicionar-curso",
              "timedOut": null,
              "duration": 249,
              "state": "passed",
              "speed": "fast",
              "pass": true,
              "fail": false,
              "pending": false,
              "context": null,
              "code": "cy.visit(`https://creative-sherbet-a51eac.netlify.app${rota}`, {\n  failOnStatusCode: false\n}).then(resp => {\n  if (resp.status === 200) {\n    cy.log(`✅ ROTA ENCONTRADA: ${rota}`);\n    cy.screenshot(`rota-encontrada-${rota.replace(/\\//g, '-')}`);\n  } else {\n    cy.log(`❌ Rota não encontrada: ${rota} (${resp.status})`);\n  }\n});",
              "err": {},
              "uuid": "a81bfd21-a399-411f-bfd3-fbc51ddc386f",
              "parentUUID": "c4230971-fd72-4f8c-8894-2055c1021a87",
              "isHook": false,
              "skipped": false
            },
            {
              "title": "Testando rota: /course/new",
              "fullTitle": "Descobrir a rota correta de cadastro Testando rota: /course/new",
              "timedOut": null,
              "duration": 260,
              "state": "passed",
              "speed": "fast",
              "pass": true,
              "fail": false,
              "pending": false,
              "context": null,
              "code": "cy.visit(`https://creative-sherbet-a51eac.netlify.app${rota}`, {\n  failOnStatusCode: false\n}).then(resp => {\n  if (resp.status === 200) {\n    cy.log(`✅ ROTA ENCONTRADA: ${rota}`);\n    cy.screenshot(`rota-encontrada-${rota.replace(/\\//g, '-')}`);\n  } else {\n    cy.log(`❌ Rota não encontrada: ${rota} (${resp.status})`);\n  }\n});",
              "err": {},
              "uuid": "4d86ddc6-2d16-4f38-a922-8d197de1f93e",
              "parentUUID": "c4230971-fd72-4f8c-8894-2055c1021a87",
              "isHook": false,
              "skipped": false
            },
            {
              "title": "Testando rota: /course/create",
              "fullTitle": "Descobrir a rota correta de cadastro Testando rota: /course/create",
              "timedOut": null,
              "duration": 262,
              "state": "passed",
              "speed": "fast",
              "pass": true,
              "fail": false,
              "pending": false,
              "context": null,
              "code": "cy.visit(`https://creative-sherbet-a51eac.netlify.app${rota}`, {\n  failOnStatusCode: false\n}).then(resp => {\n  if (resp.status === 200) {\n    cy.log(`✅ ROTA ENCONTRADA: ${rota}`);\n    cy.screenshot(`rota-encontrada-${rota.replace(/\\//g, '-')}`);\n  } else {\n    cy.log(`❌ Rota não encontrada: ${rota} (${resp.status})`);\n  }\n});",
              "err": {},
              "uuid": "9734713b-ab12-4189-8618-7952f2872f91",
              "parentUUID": "c4230971-fd72-4f8c-8894-2055c1021a87",
              "isHook": false,
              "skipped": false
            },
            {
              "title": "Testando rota: /new",
              "fullTitle": "Descobrir a rota correta de cadastro Testando rota: /new",
              "timedOut": null,
              "duration": 256,
              "state": "passed",
              "speed": "fast",
              "pass": true,
              "fail": false,
              "pending": false,
              "context": null,
              "code": "cy.visit(`https://creative-sherbet-a51eac.netlify.app${rota}`, {\n  failOnStatusCode: false\n}).then(resp => {\n  if (resp.status === 200) {\n    cy.log(`✅ ROTA ENCONTRADA: ${rota}`);\n    cy.screenshot(`rota-encontrada-${rota.replace(/\\//g, '-')}`);\n  } else {\n    cy.log(`❌ Rota não encontrada: ${rota} (${resp.status})`);\n  }\n});",
              "err": {},
              "uuid": "3aced1eb-83fc-4ce1-9cab-a2bbc4047e42",
              "parentUUID": "c4230971-fd72-4f8c-8894-2055c1021a87",
              "isHook": false,
              "skipped": false
            },
            {
              "title": "Testando rota: /create",
              "fullTitle": "Descobrir a rota correta de cadastro Testando rota: /create",
              "timedOut": null,
              "duration": 258,
              "state": "passed",
              "speed": "fast",
              "pass": true,
              "fail": false,
              "pending": false,
              "context": null,
              "code": "cy.visit(`https://creative-sherbet-a51eac.netlify.app${rota}`, {\n  failOnStatusCode: false\n}).then(resp => {\n  if (resp.status === 200) {\n    cy.log(`✅ ROTA ENCONTRADA: ${rota}`);\n    cy.screenshot(`rota-encontrada-${rota.replace(/\\//g, '-')}`);\n  } else {\n    cy.log(`❌ Rota não encontrada: ${rota} (${resp.status})`);\n  }\n});",
              "err": {},
              "uuid": "ce7a2e80-621a-4673-be27-336aa21efdea",
              "parentUUID": "c4230971-fd72-4f8c-8894-2055c1021a87",
              "isHook": false,
              "skipped": false
            },
            {
              "title": "Testando rota: /add-course",
              "fullTitle": "Descobrir a rota correta de cadastro Testando rota: /add-course",
              "timedOut": null,
              "duration": 250,
              "state": "passed",
              "speed": "fast",
              "pass": true,
              "fail": false,
              "pending": false,
              "context": null,
              "code": "cy.visit(`https://creative-sherbet-a51eac.netlify.app${rota}`, {\n  failOnStatusCode: false\n}).then(resp => {\n  if (resp.status === 200) {\n    cy.log(`✅ ROTA ENCONTRADA: ${rota}`);\n    cy.screenshot(`rota-encontrada-${rota.replace(/\\//g, '-')}`);\n  } else {\n    cy.log(`❌ Rota não encontrada: ${rota} (${resp.status})`);\n  }\n});",
              "err": {},
              "uuid": "dc09a5b8-9e73-43fd-9306-37bde9f45b67",
              "parentUUID": "c4230971-fd72-4f8c-8894-2055c1021a87",
              "isHook": false,
              "skipped": false
            },
            {
              "title": "Testando rota: /curso/novo",
              "fullTitle": "Descobrir a rota correta de cadastro Testando rota: /curso/novo",
              "timedOut": null,
              "duration": 250,
              "state": "passed",
              "speed": "fast",
              "pass": true,
              "fail": false,
              "pending": false,
              "context": null,
              "code": "cy.visit(`https://creative-sherbet-a51eac.netlify.app${rota}`, {\n  failOnStatusCode: false\n}).then(resp => {\n  if (resp.status === 200) {\n    cy.log(`✅ ROTA ENCONTRADA: ${rota}`);\n    cy.screenshot(`rota-encontrada-${rota.replace(/\\//g, '-')}`);\n  } else {\n    cy.log(`❌ Rota não encontrada: ${rota} (${resp.status})`);\n  }\n});",
              "err": {},
              "uuid": "87e4e728-576e-4606-bcbc-8677ea3c20a0",
              "parentUUID": "c4230971-fd72-4f8c-8894-2055c1021a87",
              "isHook": false,
              "skipped": false
            },
            {
              "title": "Testando rota: /form",
              "fullTitle": "Descobrir a rota correta de cadastro Testando rota: /form",
              "timedOut": null,
              "duration": 255,
              "state": "passed",
              "speed": "fast",
              "pass": true,
              "fail": false,
              "pending": false,
              "context": null,
              "code": "cy.visit(`https://creative-sherbet-a51eac.netlify.app${rota}`, {\n  failOnStatusCode: false\n}).then(resp => {\n  if (resp.status === 200) {\n    cy.log(`✅ ROTA ENCONTRADA: ${rota}`);\n    cy.screenshot(`rota-encontrada-${rota.replace(/\\//g, '-')}`);\n  } else {\n    cy.log(`❌ Rota não encontrada: ${rota} (${resp.status})`);\n  }\n});",
              "err": {},
              "uuid": "a7ed0313-abea-42c8-a950-45c18b138f9a",
              "parentUUID": "c4230971-fd72-4f8c-8894-2055c1021a87",
              "isHook": false,
              "skipped": false
            },
            {
              "title": "Clicar no botão para ver para onde vai",
              "fullTitle": "Descobrir a rota correta de cadastro Clicar no botão para ver para onde vai",
              "timedOut": null,
              "duration": 2018,
              "state": "passed",
              "speed": "fast",
              "pass": true,
              "fail": false,
              "pending": false,
              "context": null,
              "code": "cy.visit('https://creative-sherbet-a51eac.netlify.app/');\ncy.contains('a', 'Cadastrar curso').click();\ncy.url().then(url => {\n  cy.log('🚀 URL após clique: ' + url);\n});",
              "err": {},
              "uuid": "9c3dfa26-35fa-4766-bf04-fc1756009010",
              "parentUUID": "c4230971-fd72-4f8c-8894-2055c1021a87",
              "isHook": false,
              "skipped": false
            }
          ],
          "suites": [],
          "passes": [
            "c862020c-d288-4258-a413-c3739ce50825",
            "c87f0898-c942-4034-9636-3922fcae31b0",
            "27da7c3c-2695-4804-885c-de6572b75a3e",
            "5c43ea6d-57f1-4531-bd0e-357038d026e1",
            "20eeacd6-7884-4fca-9c3d-a5f8b1461688",
            "a81bfd21-a399-411f-bfd3-fbc51ddc386f",
            "4d86ddc6-2d16-4f38-a922-8d197de1f93e",
            "9734713b-ab12-4189-8618-7952f2872f91",
            "3aced1eb-83fc-4ce1-9cab-a2bbc4047e42",
            "ce7a2e80-621a-4673-be27-336aa21efdea",
            "dc09a5b8-9e73-43fd-9306-37bde9f45b67",
            "87e4e728-576e-4606-bcbc-8677ea3c20a0",
            "a7ed0313-abea-42c8-a950-45c18b138f9a",
            "9c3dfa26-35fa-4766-bf04-fc1756009010"
          ],
          "failures": [],
          "pending": [],
          "skipped": [],
          "duration": 5375,
          "root": false,
          "rootEmpty": false,
          "_timeout": 2000
        }
      ],
      "passes": [],
      "failures": [],
      "pending": [],
      "skipped": [],
      "duration": 0,
      "root": true,
      "rootEmpty": true,
      "_timeout": 2000
    },
    {
      "uuid": "e7806ee0-cc68-4a81-b20b-a7d1a47018b7",
      "title": "",
      "fullFile": "cypress\\e2e\\listagem-cursos.cy.js",
      "file": "cypress\\e2e\\listagem-cursos.cy.js",
      "beforeHooks": [],
      "afterHooks": [],
      "tests": [],
      "suites": [
        {
          "uuid": "f30fc6a5-1457-4b6f-bd14-52869826afdf",
          "title": "🎯 Testes da Página de Listagem de Cursos",
          "fullFile": "",
          "file": "",
          "beforeHooks": [],
          "afterHooks": [],
          "tests": [],
          "suites": [
            {
              "uuid": "d582cde6-175a-47bf-a951-f50e94400ab0",
              "title": "✅ CTs POSITIVOS - Estrutura da Página",
              "fullFile": "",
              "file": "",
              "beforeHooks": [],
              "afterHooks": [],
              "tests": [
                {
                  "title": "CT101 - Deve exibir o título \"Lista de cursos\" na página inicial",
                  "fullTitle": "🎯 Testes da Página de Listagem de Cursos ✅ CTs POSITIVOS - Estrutura da Página CT101 - Deve exibir o título \"Lista de cursos\" na página inicial",
                  "timedOut": null,
                  "duration": 2614,
                  "state": "passed",
                  "speed": "fast",
                  "pass": true,
                  "fail": false,
                  "pending": false,
                  "context": null,
                  "code": "cy.contains('h4', 'Lista de cursos').should('be.visible');\ncy.log('✅ Título da listagem verificado');",
                  "err": {},
                  "uuid": "b79b2399-462e-4d0e-8c5e-a49e38604aa0",
                  "parentUUID": "d582cde6-175a-47bf-a951-f50e94400ab0",
                  "isHook": false,
                  "skipped": false
                },
                {
                  "title": "CT102 - Deve exibir os botões de navegação corretamente",
                  "fullTitle": "🎯 Testes da Página de Listagem de Cursos ✅ CTs POSITIVOS - Estrutura da Página CT102 - Deve exibir os botões de navegação corretamente",
                  "timedOut": null,
                  "duration": 1877,
                  "state": "passed",
                  "speed": "fast",
                  "pass": true,
                  "fail": false,
                  "pending": false,
                  "context": null,
                  "code": "cy.contains('a', 'Listar cursos').should('be.visible');\ncy.contains('a', 'Cadastrar curso').should('be.visible');\ncy.log('✅ Botões de navegação verificados');",
                  "err": {},
                  "uuid": "3de5d3de-f224-4789-88ed-b2269fe19728",
                  "parentUUID": "d582cde6-175a-47bf-a951-f50e94400ab0",
                  "isHook": false,
                  "skipped": false
                },
                {
                  "title": "CT103 - Deve navegar para página de cadastro ao clicar em \"Cadastrar curso\"",
                  "fullTitle": "🎯 Testes da Página de Listagem de Cursos ✅ CTs POSITIVOS - Estrutura da Página CT103 - Deve navegar para página de cadastro ao clicar em \"Cadastrar curso\"",
                  "timedOut": null,
                  "duration": 3426,
                  "state": "passed",
                  "speed": "fast",
                  "pass": true,
                  "fail": false,
                  "pending": false,
                  "context": null,
                  "code": "cy.contains('a', 'Cadastrar curso').click();\ncy.url().should('include', '/new-course');\ncy.get('input[aria-label=\"Nome do curso\"]', {\n  timeout: 10000\n}).should('be.visible');\ncy.log('✅ Navegação para cadastro funcionando');",
                  "err": {},
                  "uuid": "464a3eb1-3ae5-480d-b1c4-d49f12c088ff",
                  "parentUUID": "d582cde6-175a-47bf-a951-f50e94400ab0",
                  "isHook": false,
                  "skipped": false
                },
                {
                  "title": "CT104 - Deve permanecer na listagem ao clicar em \"Listar cursos\"",
                  "fullTitle": "🎯 Testes da Página de Listagem de Cursos ✅ CTs POSITIVOS - Estrutura da Página CT104 - Deve permanecer na listagem ao clicar em \"Listar cursos\"",
                  "timedOut": null,
                  "duration": 1305,
                  "state": "passed",
                  "speed": "fast",
                  "pass": true,
                  "fail": false,
                  "pending": false,
                  "context": null,
                  "code": "cy.contains('a', 'Listar cursos').click();\ncy.url().should('eq', Cypress.config().baseUrl + '/');\ncy.contains('h4', 'Lista de cursos').should('be.visible');\ncy.log('✅ Botão \"Listar cursos\" mantém na página correta');",
                  "err": {},
                  "uuid": "9c42d44a-1717-4ae9-bf27-effd75f5ca39",
                  "parentUUID": "d582cde6-175a-47bf-a951-f50e94400ab0",
                  "isHook": false,
                  "skipped": false
                }
              ],
              "suites": [],
              "passes": [
                "b79b2399-462e-4d0e-8c5e-a49e38604aa0",
                "3de5d3de-f224-4789-88ed-b2269fe19728",
                "464a3eb1-3ae5-480d-b1c4-d49f12c088ff",
                "9c42d44a-1717-4ae9-bf27-effd75f5ca39"
              ],
              "failures": [],
              "pending": [],
              "skipped": [],
              "duration": 9222,
              "root": false,
              "rootEmpty": false,
              "_timeout": 2000
            },
            {
              "uuid": "9a23773e-6512-41b1-be83-aa4897f8836b",
              "title": "📋 CTs de Comportamento da Listagem",
              "fullFile": "",
              "file": "",
              "beforeHooks": [],
              "afterHooks": [],
              "tests": [
                {
                  "title": "CT105 - Deve exibir lista vazia quando não há cursos cadastrados",
                  "fullTitle": "🎯 Testes da Página de Listagem de Cursos 📋 CTs de Comportamento da Listagem CT105 - Deve exibir lista vazia quando não há cursos cadastrados",
                  "timedOut": null,
                  "duration": 2412,
                  "state": "passed",
                  "speed": "fast",
                  "pass": true,
                  "fail": false,
                  "pending": false,
                  "context": null,
                  "code": "cy.get('.row.q-col-gutter-md').then($lista => {\n  expect($lista.children().length).to.equal(0);\n  cy.log('✅ Lista vazia - comportamento esperado quando não há cursos');\n});",
                  "err": {},
                  "uuid": "d4354212-1474-4c60-b3b5-f2daf117a8a5",
                  "parentUUID": "9a23773e-6512-41b1-be83-aa4897f8836b",
                  "isHook": false,
                  "skipped": false
                },
                {
                  "title": "CT106 - Deve exibir cursos na listagem (se houver)",
                  "fullTitle": "🎯 Testes da Página de Listagem de Cursos 📋 CTs de Comportamento da Listagem CT106 - Deve exibir cursos na listagem (se houver)",
                  "timedOut": null,
                  "duration": 2376,
                  "state": "passed",
                  "speed": "fast",
                  "pass": true,
                  "fail": false,
                  "pending": false,
                  "context": null,
                  "code": "cy.get('.row.q-col-gutter-md').then($lista => {\n  if ($lista.children().length > 0) {\n    cy.log('✅ Cursos encontrados na listagem');\n  } else {\n    cy.log('⚠️ Lista vazia - nenhum curso para verificar');\n  }\n});",
                  "err": {},
                  "uuid": "8faf586e-e6c8-49bb-9085-cbfb0d841aa0",
                  "parentUUID": "9a23773e-6512-41b1-be83-aa4897f8836b",
                  "isHook": false,
                  "skipped": false
                }
              ],
              "suites": [],
              "passes": [
                "d4354212-1474-4c60-b3b5-f2daf117a8a5",
                "8faf586e-e6c8-49bb-9085-cbfb0d841aa0"
              ],
              "failures": [],
              "pending": [],
              "skipped": [],
              "duration": 4788,
              "root": false,
              "rootEmpty": false,
              "_timeout": 2000
            },
            {
              "uuid": "4d6c0c26-0415-447b-bbfd-4c1b99a1fb6d",
              "title": "🔄 CTs de Persistência",
              "fullFile": "",
              "file": "",
              "beforeHooks": [],
              "afterHooks": [],
              "tests": [
                {
                  "title": "CT107 - Se houver cursos, eles devem persistir após recarregar",
                  "fullTitle": "🎯 Testes da Página de Listagem de Cursos 🔄 CTs de Persistência CT107 - Se houver cursos, eles devem persistir após recarregar",
                  "timedOut": null,
                  "duration": 3843,
                  "state": "passed",
                  "speed": "fast",
                  "pass": true,
                  "fail": false,
                  "pending": false,
                  "context": null,
                  "code": "// Primeiro, verificar a lista\ncy.get('.row.q-col-gutter-md').should('exist').then($lista => {\n  const quantidadeAntes = $lista.children().length;\n  cy.log(`📊 Cursos encontrados antes: ${quantidadeAntes}`);\n  // Recarregar a página\n  cy.reload();\n  cy.contains('h4', 'Lista de cursos').should('be.visible');\n  // Verificar novamente\n  cy.get('.row.q-col-gutter-md').should('exist').then($listaDepois => {\n    const quantidadeDepois = $listaDepois.children().length;\n    cy.log(`📊 Cursos encontrados depois: ${quantidadeDepois}`);\n    // Se não havia cursos antes, não há o que comparar\n    if (quantidadeAntes === 0) {\n      cy.log('⚠️ Lista vazia - teste de persistência não aplicável');\n      expect(quantidadeDepois).to.equal(0);\n    } else {\n      // Se havia cursos, a quantidade deve ser a mesma\n      expect(quantidadeDepois).to.equal(quantidadeAntes);\n      cy.log('✅ Cursos persistiram após recarregar');\n    }\n  });\n});",
                  "err": {},
                  "uuid": "a8a47007-8bc4-4a28-afa4-da6cb55cbe33",
                  "parentUUID": "4d6c0c26-0415-447b-bbfd-4c1b99a1fb6d",
                  "isHook": false,
                  "skipped": false
                }
              ],
              "suites": [],
              "passes": [
                "a8a47007-8bc4-4a28-afa4-da6cb55cbe33"
              ],
              "failures": [],
              "pending": [],
              "skipped": [],
              "duration": 3843,
              "root": false,
              "rootEmpty": false,
              "_timeout": 2000
            },
            {
              "uuid": "82516e56-7f79-46d5-8c96-ada9efab3872",
              "title": "🔍 CTs de Detalhes dos Cursos",
              "fullFile": "",
              "file": "",
              "beforeHooks": [],
              "afterHooks": [],
              "tests": [
                {
                  "title": "CT108/CT109 - Se houver cursos, verificar elementos básicos",
                  "fullTitle": "🎯 Testes da Página de Listagem de Cursos 🔍 CTs de Detalhes dos Cursos CT108/CT109 - Se houver cursos, verificar elementos básicos",
                  "timedOut": null,
                  "duration": 2086,
                  "state": "passed",
                  "speed": "fast",
                  "pass": true,
                  "fail": false,
                  "pending": false,
                  "context": null,
                  "code": "cy.get('.row.q-col-gutter-md').then($lista => {\n  if ($lista.children().length > 0) {\n    cy.log('✅ Cursos encontrados - estrutura básica presente');\n  } else {\n    cy.log('⚠️ Lista vazia - não é possível verificar detalhes');\n  }\n});",
                  "err": {},
                  "uuid": "7c72969d-0d09-46e7-b9a1-c303e1f4cf98",
                  "parentUUID": "82516e56-7f79-46d5-8c96-ada9efab3872",
                  "isHook": false,
                  "skipped": false
                }
              ],
              "suites": [],
              "passes": [
                "7c72969d-0d09-46e7-b9a1-c303e1f4cf98"
              ],
              "failures": [],
              "pending": [],
              "skipped": [],
              "duration": 2086,
              "root": false,
              "rootEmpty": false,
              "_timeout": 2000
            },
            {
              "uuid": "55b16944-5b7b-4602-a28f-3fc63b36edac",
              "title": "🧪 CTs de Exclusão de Cursos",
              "fullFile": "",
              "file": "",
              "beforeHooks": [],
              "afterHooks": [],
              "tests": [
                {
                  "title": "CT110 - Botão excluir deve existir (se houver cursos)",
                  "fullTitle": "🎯 Testes da Página de Listagem de Cursos 🧪 CTs de Exclusão de Cursos CT110 - Botão excluir deve existir (se houver cursos)",
                  "timedOut": null,
                  "duration": 2713,
                  "state": "passed",
                  "speed": "fast",
                  "pass": true,
                  "fail": false,
                  "pending": false,
                  "context": null,
                  "code": "cy.get('.row.q-col-gutter-md').then($lista => {\n  if ($lista.children().length > 0) {\n    cy.log('✅ Botão excluir deve estar presente (verificar manualmente)');\n  } else {\n    cy.log('⚠️ Lista vazia - botão excluir não aplicável');\n  }\n});",
                  "err": {},
                  "uuid": "2690058d-2e0a-4c03-bbe3-9505c95b38c9",
                  "parentUUID": "55b16944-5b7b-4602-a28f-3fc63b36edac",
                  "isHook": false,
                  "skipped": false
                }
              ],
              "suites": [],
              "passes": [
                "2690058d-2e0a-4c03-bbe3-9505c95b38c9"
              ],
              "failures": [],
              "pending": [],
              "skipped": [],
              "duration": 2713,
              "root": false,
              "rootEmpty": false,
              "_timeout": 2000
            },
            {
              "uuid": "93ffc5e6-9f59-4ec6-8f72-faa4e45a51fb",
              "title": "⚠️ CTs NEGATIVOS",
              "fullFile": "",
              "file": "",
              "beforeHooks": [],
              "afterHooks": [],
              "tests": [
                {
                  "title": "CT111 - Não deve permitir excluir curso sem confirmação (se aplicável)",
                  "fullTitle": "🎯 Testes da Página de Listagem de Cursos ⚠️ CTs NEGATIVOS CT111 - Não deve permitir excluir curso sem confirmação (se aplicável)",
                  "timedOut": null,
                  "duration": 3220,
                  "state": "passed",
                  "speed": "fast",
                  "pass": true,
                  "fail": false,
                  "pending": false,
                  "context": null,
                  "code": "cy.log('⚠️ Teste de confirmação de exclusão - implementar conforme necessidade');",
                  "err": {},
                  "uuid": "93cde5b3-c47e-4037-a89b-aeee7f4e604a",
                  "parentUUID": "93ffc5e6-9f59-4ec6-8f72-faa4e45a51fb",
                  "isHook": false,
                  "skipped": false
                },
                {
                  "title": "CT112 - Tentar acessar página inexistente",
                  "fullTitle": "🎯 Testes da Página de Listagem de Cursos ⚠️ CTs NEGATIVOS CT112 - Tentar acessar página inexistente",
                  "timedOut": null,
                  "duration": 4045,
                  "state": "passed",
                  "speed": "fast",
                  "pass": true,
                  "fail": false,
                  "pending": false,
                  "context": null,
                  "code": "cy.visit('/pagina-inexistente', {\n  failOnStatusCode: false\n});\ncy.get('body').should('exist');\ncy.log('✅ Página inexistente acessada');",
                  "err": {},
                  "uuid": "6f966043-b547-4ed0-86ec-d5ce4b55253a",
                  "parentUUID": "93ffc5e6-9f59-4ec6-8f72-faa4e45a51fb",
                  "isHook": false,
                  "skipped": false
                }
              ],
              "suites": [],
              "passes": [
                "93cde5b3-c47e-4037-a89b-aeee7f4e604a",
                "6f966043-b547-4ed0-86ec-d5ce4b55253a"
              ],
              "failures": [],
              "pending": [],
              "skipped": [],
              "duration": 7265,
              "root": false,
              "rootEmpty": false,
              "_timeout": 2000
            },
            {
              "uuid": "c778e62f-9604-484e-b19d-2683179f1e94",
              "title": "📱 CTs de Responsividade",
              "fullFile": "",
              "file": "",
              "beforeHooks": [],
              "afterHooks": [],
              "tests": [
                {
                  "title": "CT113 - Deve adaptar layout para mobile (viewport 375px)",
                  "fullTitle": "🎯 Testes da Página de Listagem de Cursos 📱 CTs de Responsividade CT113 - Deve adaptar layout para mobile (viewport 375px)",
                  "timedOut": null,
                  "duration": 3184,
                  "state": "passed",
                  "speed": "fast",
                  "pass": true,
                  "fail": false,
                  "pending": false,
                  "context": null,
                  "code": "cy.viewport(375, 667);\ncy.visit('/');\ncy.contains('h4', 'Lista de cursos').should('be.visible');\ncy.contains('a', 'Cadastrar curso').should('be.visible');\ncy.log('✅ Layout adaptado para mobile');",
                  "err": {},
                  "uuid": "92a83ef7-b6f1-42c1-81b6-a53df575648d",
                  "parentUUID": "c778e62f-9604-484e-b19d-2683179f1e94",
                  "isHook": false,
                  "skipped": false
                },
                {
                  "title": "CT114 - Deve adaptar layout para tablet (viewport 768px)",
                  "fullTitle": "🎯 Testes da Página de Listagem de Cursos 📱 CTs de Responsividade CT114 - Deve adaptar layout para tablet (viewport 768px)",
                  "timedOut": null,
                  "duration": 3975,
                  "state": "passed",
                  "speed": "fast",
                  "pass": true,
                  "fail": false,
                  "pending": false,
                  "context": null,
                  "code": "cy.viewport(768, 1024);\ncy.visit('/');\ncy.contains('h4', 'Lista de cursos').should('be.visible');\ncy.contains('a', 'Cadastrar curso').should('be.visible');\ncy.log('✅ Layout adaptado para tablet');",
                  "err": {},
                  "uuid": "93c16e0e-6c65-4c9e-8494-1b7cb32dbc67",
                  "parentUUID": "c778e62f-9604-484e-b19d-2683179f1e94",
                  "isHook": false,
                  "skipped": false
                }
              ],
              "suites": [],
              "passes": [
                "92a83ef7-b6f1-42c1-81b6-a53df575648d",
                "93c16e0e-6c65-4c9e-8494-1b7cb32dbc67"
              ],
              "failures": [],
              "pending": [],
              "skipped": [],
              "duration": 7159,
              "root": false,
              "rootEmpty": false,
              "_timeout": 2000
            }
          ],
          "passes": [],
          "failures": [],
          "pending": [],
          "skipped": [],
          "duration": 0,
          "root": false,
          "rootEmpty": false,
          "_timeout": 2000
        }
      ],
      "passes": [],
      "failures": [],
      "pending": [],
      "skipped": [],
      "duration": 0,
      "root": true,
      "rootEmpty": true,
      "_timeout": 2000
    },
    {
      "uuid": "157ce8c9-cc8c-463c-8476-97749bb88dab",
      "title": "",
      "fullFile": "cypress\\e2e\\ncontrar-rota.cy.js",
      "file": "cypress\\e2e\\ncontrar-rota.cy.js",
      "beforeHooks": [],
      "afterHooks": [],
      "tests": [],
      "suites": [
        {
          "uuid": "34d97cde-d7f8-4ca1-bb31-9d2a375385ee",
          "title": "ENCONTRAR A ROTA DE CADASTRO",
          "fullFile": "",
          "file": "",
          "beforeHooks": [],
          "afterHooks": [],
          "tests": [
            {
              "title": "Clica no botão e captura a URL",
              "fullTitle": "ENCONTRAR A ROTA DE CADASTRO Clica no botão e captura a URL",
              "timedOut": null,
              "duration": 4652,
              "state": "passed",
              "speed": "fast",
              "pass": true,
              "fail": false,
              "pending": false,
              "context": null,
              "code": "cy.visit('https://creative-sherbet-a51eac.netlify.app/');\ncy.contains('a', 'Cadastrar curso').click();\ncy.url().should('include', '/'); // Vai capturar a URL\ncy.url().then(url => {\n  cy.log('🎯🎯🎯 URL ENCONTRADA: ' + url);\n  cy.log('🎯🎯🎯 ROTA É: ' + url.replace('https://creative-sherbet-a51eac.netlify.app', ''));\n});\n// Tira um print para confirmar\ncy.screenshot('pagina-cadastro');",
              "err": {},
              "uuid": "e3572e19-8191-451d-bdeb-da6c91e46080",
              "parentUUID": "34d97cde-d7f8-4ca1-bb31-9d2a375385ee",
              "isHook": false,
              "skipped": false
            }
          ],
          "suites": [],
          "passes": [
            "e3572e19-8191-451d-bdeb-da6c91e46080"
          ],
          "failures": [],
          "pending": [],
          "skipped": [],
          "duration": 4652,
          "root": false,
          "rootEmpty": false,
          "_timeout": 2000
        }
      ],
      "passes": [],
      "failures": [],
      "pending": [],
      "skipped": [],
      "duration": 0,
      "root": true,
      "rootEmpty": true,
      "_timeout": 2000
    }
  ],
  "meta": {
    "mocha": {
      "version": "7.2.0"
    },
    "mochawesome": {
      "options": {
        "quiet": false,
        "reportFilename": "[name]-report",
        "saveHtml": false,
        "saveJson": true,
        "consoleReporter": "spec",
        "useInlineDiffs": false,
        "code": true
      },
      "version": "7.1.4"
    },
    "marge": {
      "options": {
        "reportDir": "cypress/reports",
        "reportFilename": "[name]-report",
        "overwrite": false,
        "html": false,
        "json": true,
        "charts": true,
        "embeddedScreenshots": true,
        "inlineAssets": true,
        "saveAllAttempts": false,
        "timestamp": "ddmmyyyy_HHMMss"
      },
      "version": "6.3.2"
    }
  }
}