{
  "stats": {
    "suites": 1,
    "tests": 1,
    "passes": 1,
    "pending": 0,
    "failures": 0,
    "start": "2026-03-09T12:53:57.847Z",
    "end": "2026-03-09T12:54:02.601Z",
    "duration": 4754,
    "testsRegistered": 1,
    "passPercent": 100,
    "pendingPercent": 0,
    "other": 0,
    "hasOther": false,
    "skipped": 0,
    "hasSkipped": false
  },
  "results": [
    {
      "uuid": "157ce8c9-cc8c-463c-8476-97749bb88dab",
      "title": "",
      "fullFile": "cypress\\e2e\\ncontrar-rota.cy.js",
      "file": "cypress\\e2e\\ncontrar-rota.cy.js",
      "beforeHooks": [],
      "afterHooks": [],
      "tests": [],
      "suites": [
        {
          "uuid": "34d97cde-d7f8-4ca1-bb31-9d2a375385ee",
          "title": "ENCONTRAR A ROTA DE CADASTRO",
          "fullFile": "",
          "file": "",
          "beforeHooks": [],
          "afterHooks": [],
          "tests": [
            {
              "title": "Clica no botão e captura a URL",
              "fullTitle": "ENCONTRAR A ROTA DE CADASTRO Clica no botão e captura a URL",
              "timedOut": null,
              "duration": 4652,
              "state": "passed",
              "speed": "fast",
              "pass": true,
              "fail": false,
              "pending": false,
              "context": null,
              "code": "cy.visit('https://creative-sherbet-a51eac.netlify.app/');\ncy.contains('a', 'Cadastrar curso').click();\ncy.url().should('include', '/'); // Vai capturar a URL\ncy.url().then(url => {\n  cy.log('🎯🎯🎯 URL ENCONTRADA: ' + url);\n  cy.log('🎯🎯🎯 ROTA É: ' + url.replace('https://creative-sherbet-a51eac.netlify.app', ''));\n});\n// Tira um print para confirmar\ncy.screenshot('pagina-cadastro');",
              "err": {},
              "uuid": "e3572e19-8191-451d-bdeb-da6c91e46080",
              "parentUUID": "34d97cde-d7f8-4ca1-bb31-9d2a375385ee",
              "isHook": false,
              "skipped": false
            }
          ],
          "suites": [],
          "passes": [
            "e3572e19-8191-451d-bdeb-da6c91e46080"
          ],
          "failures": [],
          "pending": [],
          "skipped": [],
          "duration": 4652,
          "root": false,
          "rootEmpty": false,
          "_timeout": 2000
        }
      ],
      "passes": [],
      "failures": [],
      "pending": [],
      "skipped": [],
      "duration": 0,
      "root": true,
      "rootEmpty": true,
      "_timeout": 2000
    }
  ],
  "meta": {
    "mocha": {
      "version": "7.2.0"
    },
    "mochawesome": {
      "options": {
        "quiet": false,
        "reportFilename": "[name]-report",
        "saveHtml": false,
        "saveJson": true,
        "consoleReporter": "spec",
        "useInlineDiffs": false,
        "code": true
      },
      "version": "7.1.4"
    },
    "marge": {
      "options": {
        "reportDir": "cypress/reports",
        "reportFilename": "[name]-report",
        "overwrite": false,
        "html": false,
        "json": true,
        "charts": true,
        "embeddedScreenshots": true,
        "inlineAssets": true,
        "saveAllAttempts": false,
        "timestamp": "ddmmyyyy_HHMMss"
      },
      "version": "6.3.2"
    }
  }
}